2023-11-02 14:39:27,914 [INFO] Activator:176 - 


2023-11-02 14:39:27,921 [INFO] Activator:177 - !SESSION log4j initialized
2023-11-02 14:39:33,994 [INFO] LogOutputStream:77 - [STDOUT_REDIRECT] 
2023-11-02 14:39:36,391 [INFO] ApplicationProperties:184 - Using Application install path: C:\appz\ST\STM32CubeIDE_1.10.1\STM32CubeIDE\plugins\com.st.stm32cube.common.mx_6.9.1.202307191849
2023-11-02 14:39:36,410 [INFO] DbMcusXml:78 - Set database path to: C:\appz\ST\STM32CubeIDE_1.10.1\STM32CubeIDE\plugins\com.st.stm32cube.common.mx_6.9.1.202307191849\\db\/mcu/
2023-11-02 14:39:36,410 [INFO] ApiDb:274 - Set plugin database path to: C:\appz\ST\STM32CubeIDE_1.10.1\STM32CubeIDE\plugins\com.st.stm32cube.common.mx_6.9.1.202307191849\\db\/plugins/boardmanager/
2023-11-02 14:39:36,411 [WARN] ApiDb:259 - Overriding images path with different value:  => C:\appz\ST\STM32CubeIDE_1.10.1\STM32CubeIDE\plugins\com.st.stm32cube.common.mx_6.9.1.202307191849\\db\/plugins/mcufinder/images/
2023-11-02 14:39:36,422 [INFO] ApiDb:250 - Set database path to: C:\Users\xladis00\.stmcufinder\plugins\mcufinder//mcu/
2023-11-02 14:39:36,424 [INFO] DbMcusAds:125 - Set database path to: C:\Users\xladis00\.stmcufinder\plugins\mcufinder//mcu/
2023-11-02 14:39:36,427 [INFO] CrossReferenceDbSqlite:203 - Set database path to: C:\Users\xladis00\.stmcufinder\plugins\mcufinder//mcu/cs/
2023-11-02 14:39:36,560 [INFO] RulesReader:64 - Compatibility file has been processed (293 Rules)
2023-11-02 14:39:36,646 [INFO] DbMcusXml:78 - Set database path to: C:\appz\ST\STM32CubeIDE_1.10.1\STM32CubeIDE\plugins\com.st.stm32cube.common.mx_6.9.1.202307191849\\db\/mcu/
2023-11-02 14:39:36,646 [INFO] ApiDb:274 - Set plugin database path to: C:\appz\ST\STM32CubeIDE_1.10.1\STM32CubeIDE\plugins\com.st.stm32cube.common.mx_6.9.1.202307191849\\db\/plugins/boardmanager/
2023-11-02 14:39:36,646 [INFO] ApiDb:261 - Set plugin images path to: C:\appz\ST\STM32CubeIDE_1.10.1\STM32CubeIDE\plugins\com.st.stm32cube.common.mx_6.9.1.202307191849\\db\/plugins/mcufinder/images/
2023-11-02 14:39:36,647 [WARN] DbFile:41 - Overriding database path with different value: C:\Users\xladis00\.stmcufinder\plugins\mcufinder/ => C:\Users\xladis00\.stmcufinder\plugins\mcufinder
2023-11-02 14:39:36,647 [INFO] ApiDb:250 - Set database path to: C:\Users\xladis00\.stmcufinder\plugins\mcufinder//mcu/
2023-11-02 14:39:36,647 [WARN] DbFile:41 - Overriding database path with different value: C:\Users\xladis00\.stmcufinder\plugins\mcufinder/ => C:\Users\xladis00\.stmcufinder\plugins\mcufinder
2023-11-02 14:39:36,647 [INFO] DbMcusAds:125 - Set database path to: C:\Users\xladis00\.stmcufinder\plugins\mcufinder//mcu/
2023-11-02 14:39:36,647 [WARN] DbFile:41 - Overriding database path with different value: C:\Users\xladis00\.stmcufinder\plugins\mcufinder/ => C:\Users\xladis00\.stmcufinder\plugins\mcufinder
2023-11-02 14:39:36,647 [WARN] DbFile:41 - Overriding database path with different value: C:\Users\xladis00\.stmcufinder\plugins\mcufinder/ => C:\Users\xladis00\.stmcufinder\plugins\mcufinder
2023-11-02 14:39:36,648 [INFO] CrossReferenceDbSqlite:203 - Set database path to: C:\Users\xladis00\.stmcufinder\plugins\mcufinder//mcu/cs/
2023-11-02 14:39:36,785 [INFO] MainPanel:262 - HeapMemory: 268435456
2023-11-02 14:39:36,870 [INFO] DbMcusXml:78 - Set database path to: C:\appz\ST\STM32CubeIDE_1.10.1\STM32CubeIDE\plugins\com.st.stm32cube.common.mx_6.9.1.202307191849\\db\/mcu/
2023-11-02 14:39:36,870 [INFO] ApiDb:274 - Set plugin database path to: C:\appz\ST\STM32CubeIDE_1.10.1\STM32CubeIDE\plugins\com.st.stm32cube.common.mx_6.9.1.202307191849\\db\/plugins/boardmanager/
2023-11-02 14:39:36,871 [INFO] ApiDb:261 - Set plugin images path to: C:\appz\ST\STM32CubeIDE_1.10.1\STM32CubeIDE\plugins\com.st.stm32cube.common.mx_6.9.1.202307191849\\db\/plugins/mcufinder/images/
2023-11-02 14:39:36,871 [WARN] DbFile:41 - Overriding database path with different value: C:\Users\xladis00\.stmcufinder\plugins\mcufinder/ => C:\Users\xladis00\.stmcufinder\plugins\mcufinder
2023-11-02 14:39:36,871 [INFO] ApiDb:250 - Set database path to: C:\Users\xladis00\.stmcufinder\plugins\mcufinder//mcu/
2023-11-02 14:39:36,871 [WARN] DbFile:41 - Overriding database path with different value: C:\Users\xladis00\.stmcufinder\plugins\mcufinder/ => C:\Users\xladis00\.stmcufinder\plugins\mcufinder
2023-11-02 14:39:36,872 [INFO] DbMcusAds:125 - Set database path to: C:\Users\xladis00\.stmcufinder\plugins\mcufinder//mcu/
2023-11-02 14:39:36,872 [WARN] DbFile:41 - Overriding database path with different value: C:\Users\xladis00\.stmcufinder\plugins\mcufinder/ => C:\Users\xladis00\.stmcufinder\plugins\mcufinder
2023-11-02 14:39:36,872 [WARN] DbFile:41 - Overriding database path with different value: C:\Users\xladis00\.stmcufinder\plugins\mcufinder/ => C:\Users\xladis00\.stmcufinder\plugins\mcufinder
2023-11-02 14:39:36,872 [INFO] CrossReferenceDbSqlite:203 - Set database path to: C:\Users\xladis00\.stmcufinder\plugins\mcufinder//mcu/cs/
2023-11-02 14:39:36,894 [INFO] ApplicationProperties:184 - Using Application install path: C:\appz\ST\STM32CubeIDE_1.10.1\STM32CubeIDE\plugins\com.st.stm32cube.common.mx_6.9.1.202307191849
2023-11-02 14:39:36,895 [INFO] PluginManage:196 - Search for loadable plugins [exclusion list=, ]
2023-11-02 14:39:36,897 [INFO] PluginManage:310 - Check plugin analytics
2023-11-02 14:39:37,089 [INFO] AnalyticsPlugin:253 - Accepted Software Licenses: 
2023-11-02 14:39:37,090 [INFO] AnalyticsPlugin:255 - Accepted CMSIS Pack Licenses: 
2023-11-02 14:39:37,091 [INFO] AnalyticsPlugin:257 - Accepted Firmware Licenses: 
2023-11-02 14:39:37,094 [INFO] PluginManage:359 - Loaded plugin analytics (category:tool,tabindex:-1)
2023-11-02 14:39:37,096 [INFO] PluginManage:310 - Check plugin cadmodel
2023-11-02 14:39:37,101 [INFO] CADModel:105 - Init CAD model plugin
2023-11-02 14:39:37,102 [INFO] PluginManage:359 - Loaded plugin cadmodel (category:power,tabindex:5)
2023-11-02 14:39:37,102 [INFO] PluginManage:310 - Check plugin clock
2023-11-02 14:39:37,113 [INFO] PluginManage:359 - Loaded plugin clock (category:base,tabindex:2)
2023-11-02 14:39:37,113 [INFO] PluginManage:310 - Check plugin ddr
2023-11-02 14:39:37,116 [INFO] PluginManage:359 - Loaded plugin ddr (category:tool,tabindex:6)
2023-11-02 14:39:37,116 [INFO] PluginManage:310 - Check plugin filemanager
2023-11-02 14:39:37,295 [INFO] PluginManage:359 - Loaded plugin filemanager (category:base,tabindex:10)
2023-11-02 14:39:37,295 [INFO] PluginManage:310 - Check plugin ipmanager
2023-11-02 14:39:37,303 [INFO] PluginManage:359 - Loaded plugin ipmanager (category:base,tabindex:5)
2023-11-02 14:39:37,303 [INFO] PluginManage:310 - Check plugin lpbam
2023-11-02 14:39:37,313 [INFO] PluginManage:359 - Loaded plugin lpbam (category:base,tabindex:0)
2023-11-02 14:39:37,314 [INFO] PluginManage:310 - Check plugin memorymap
2023-11-02 14:39:37,326 [INFO] PluginManage:359 - Loaded plugin memorymap (category:base,tabindex:4)
2023-11-02 14:39:37,327 [INFO] PluginManage:310 - Check plugin pinoutandconfiguration
2023-11-02 14:39:37,335 [INFO] PluginManage:359 - Loaded plugin pinoutandconfiguration (category:base,tabindex:1)
2023-11-02 14:39:37,335 [INFO] PluginManage:310 - Check plugin pinoutconfig
2023-11-02 14:39:37,424 [WARN] SupportedApi:132 - Cannot load RTOS API schema: s4s-elt-must-match.1: The content of 'definitions' must match (annotation?, (simpleType | complexType)?, (unique | key | keyref)*)). A problem was found starting at: attribute.
2023-11-02 14:39:37,591 [INFO] PluginManage:359 - Loaded plugin pinoutconfig (category:base,tabindex:0)
2023-11-02 14:39:37,591 [INFO] PluginManage:310 - Check plugin power
2023-11-02 14:39:37,601 [INFO] PluginManage:359 - Loaded plugin power (category:power,tabindex:4)
2023-11-02 14:39:37,601 [INFO] PluginManage:310 - Check plugin projectmanager
2023-11-02 14:39:37,619 [INFO] PluginManage:359 - Loaded plugin projectmanager (category:projectmanager,tabindex:3)
2023-11-02 14:39:37,619 [INFO] PluginManage:310 - Check plugin thirdparty
2023-11-02 14:39:37,771 [INFO] PluginManage:359 - Loaded plugin thirdparty (category:base,tabindex:-1)
2023-11-02 14:39:37,771 [INFO] PluginManage:310 - Check plugin tools
2023-11-02 14:39:37,776 [INFO] PluginManage:359 - Loaded plugin tools (category:base,tabindex:7)
2023-11-02 14:39:37,776 [INFO] PluginManage:310 - Check plugin tutovideos
2023-11-02 14:39:37,804 [WARN] IntegrityCheckThread:84 - waiting for thirdparty lock release [integrity check]
2023-11-02 14:39:37,805 [INFO] IntegrityCheckThread:86 - entering critical section [integrity check]
2023-11-02 14:39:37,807 [INFO] ThirdPartyUpdaterWithRetryManager:70 - Updater plugin not ready yet. [1/15]
2023-11-02 14:39:37,976 [INFO] PluginManage:359 - Loaded plugin tutovideos (category:base,tabindex:-1)
2023-11-02 14:39:37,976 [INFO] PluginManage:310 - Check plugin updater
2023-11-02 14:39:37,986 [INFO] PluginManage:359 - Loaded plugin updater (category:base,tabindex:12)
2023-11-02 14:39:37,986 [INFO] PluginManage:310 - Check plugin userauth
2023-11-02 14:39:37,991 [INFO] UserAuth:113 - Init User Auth plugin
2023-11-02 14:39:37,991 [INFO] PluginManage:359 - Loaded plugin userauth (category:base,tabindex:14)
2023-11-02 14:39:37,991 [INFO] PluginManage:283 - PluginManage : Loaded plugins [17]
2023-11-02 14:39:38,277 [INFO] PinOutPanel:1499 - setPackage(No Configuration,No Configuration)
2023-11-02 14:39:38,433 [INFO] CADModel:165 - CPN selected for project level
2023-11-02 14:39:38,433 [INFO] CADModel:114 - Register for checkConnection events
2023-11-02 14:39:38,447 [INFO] IPUIPlugin:80 - create IPUIPlugin
2023-11-02 14:39:38,448 [INFO] PluginManager:220 - loadIPPluginJar : add adc
2023-11-02 14:39:38,450 [INFO] IPUIPlugin:80 - create IPUIPlugin
2023-11-02 14:39:38,450 [INFO] PluginManager:220 - loadIPPluginJar : add aes
2023-11-02 14:39:38,453 [INFO] IPUIPlugin:80 - create IPUIPlugin
2023-11-02 14:39:38,453 [INFO] PluginManager:220 - loadIPPluginJar : add can
2023-11-02 14:39:38,454 [INFO] IPUIPlugin:80 - create IPUIPlugin
2023-11-02 14:39:38,455 [INFO] PluginManager:220 - loadIPPluginJar : add comp
2023-11-02 14:39:38,457 [INFO] IPUIPlugin:80 - create IPUIPlugin
2023-11-02 14:39:38,457 [INFO] PluginManager:220 - loadIPPluginJar : add cryp
2023-11-02 14:39:38,460 [INFO] IPUIPlugin:80 - create IPUIPlugin
2023-11-02 14:39:38,460 [INFO] PluginManager:220 - loadIPPluginJar : add dfsdm
2023-11-02 14:39:38,465 [INFO] IPUIPlugin:80 - create IPUIPlugin
2023-11-02 14:39:38,466 [INFO] PluginManager:220 - loadIPPluginJar : add dma
2023-11-02 14:39:38,469 [INFO] IPUIPlugin:80 - create IPUIPlugin
2023-11-02 14:39:38,469 [INFO] PluginManager:220 - loadIPPluginJar : add dma3
2023-11-02 14:39:38,471 [INFO] IPUIPlugin:80 - create IPUIPlugin
2023-11-02 14:39:38,471 [INFO] PluginManager:220 - loadIPPluginJar : add fatfs
2023-11-02 14:39:38,476 [INFO] IPUIPlugin:80 - create IPUIPlugin
2023-11-02 14:39:38,477 [INFO] PluginManager:220 - loadIPPluginJar : add fmc
2023-11-02 14:39:38,482 [INFO] IPUIPlugin:80 - create IPUIPlugin
2023-11-02 14:39:38,482 [INFO] PluginManager:220 - loadIPPluginJar : add freertos
2023-11-02 14:39:38,484 [INFO] IPUIPlugin:80 - create IPUIPlugin
2023-11-02 14:39:38,484 [INFO] PluginManager:220 - loadIPPluginJar : add genericplugin
2023-11-02 14:39:38,487 [INFO] IPUIPlugin:80 - create IPUIPlugin
2023-11-02 14:39:38,487 [INFO] PluginManager:220 - loadIPPluginJar : add gfxmmu
2023-11-02 14:39:38,492 [INFO] IPUIPlugin:80 - create IPUIPlugin
2023-11-02 14:39:38,492 [INFO] PluginManager:220 - loadIPPluginJar : add gic
2023-11-02 14:39:38,497 [INFO] IPUIPlugin:80 - create IPUIPlugin
2023-11-02 14:39:38,497 [INFO] PluginManager:220 - loadIPPluginJar : add gpio
2023-11-02 14:39:38,500 [INFO] IPUIPlugin:80 - create IPUIPlugin
2023-11-02 14:39:38,500 [INFO] PluginManager:220 - loadIPPluginJar : add gtzc
2023-11-02 14:39:38,502 [INFO] IPUIPlugin:80 - create IPUIPlugin
2023-11-02 14:39:38,503 [INFO] PluginManager:220 - loadIPPluginJar : add hash
2023-11-02 14:39:38,505 [INFO] IPUIPlugin:80 - create IPUIPlugin
2023-11-02 14:39:38,506 [INFO] PluginManager:220 - loadIPPluginJar : add i2c
2023-11-02 14:39:38,508 [INFO] IPUIPlugin:80 - create IPUIPlugin
2023-11-02 14:39:38,508 [INFO] PluginManager:220 - loadIPPluginJar : add i2s
2023-11-02 14:39:38,511 [INFO] IPUIPlugin:80 - create IPUIPlugin
2023-11-02 14:39:38,511 [INFO] PluginManager:220 - loadIPPluginJar : add i3c
2023-11-02 14:39:38,514 [INFO] IPUIPlugin:80 - create IPUIPlugin
2023-11-02 14:39:38,514 [INFO] PluginManager:220 - loadIPPluginJar : add ipddr
2023-11-02 14:39:38,521 [INFO] IPUIPlugin:80 - create IPUIPlugin
2023-11-02 14:39:38,522 [INFO] PluginManager:220 - loadIPPluginJar : add linkedlist
2023-11-02 14:39:38,525 [INFO] IPUIPlugin:80 - create IPUIPlugin
2023-11-02 14:39:38,525 [INFO] PluginManager:220 - loadIPPluginJar : add lorawan
2023-11-02 14:39:38,527 [INFO] IPUIPlugin:80 - create IPUIPlugin
2023-11-02 14:39:38,528 [INFO] PluginManager:220 - loadIPPluginJar : add ltdc
2023-11-02 14:39:38,534 [INFO] IPUIPlugin:80 - create IPUIPlugin
2023-11-02 14:39:38,534 [INFO] PluginManager:220 - loadIPPluginJar : add mdma
2023-11-02 14:39:38,538 [INFO] IPUIPlugin:80 - create IPUIPlugin
2023-11-02 14:39:38,538 [INFO] PluginManager:220 - loadIPPluginJar : add nvic
2023-11-02 14:39:38,542 [INFO] IPUIPlugin:80 - create IPUIPlugin
2023-11-02 14:39:38,542 [INFO] PluginManager:220 - loadIPPluginJar : add opamp
2023-11-02 14:39:38,545 [INFO] IPUIPlugin:80 - create IPUIPlugin
2023-11-02 14:39:38,546 [INFO] PluginManager:220 - loadIPPluginJar : add openamp
2023-11-02 14:39:38,549 [INFO] IPUIPlugin:80 - create IPUIPlugin
2023-11-02 14:39:38,550 [INFO] PluginManager:220 - loadIPPluginJar : add pdm2pcm
2023-11-02 14:39:38,557 [INFO] IPUIPlugin:80 - create IPUIPlugin
2023-11-02 14:39:38,560 [INFO] PluginManager:220 - loadIPPluginJar : add plateformsettings
2023-11-02 14:39:38,563 [INFO] IPUIPlugin:80 - create IPUIPlugin
2023-11-02 14:39:38,563 [INFO] PluginManager:220 - loadIPPluginJar : add quadspi
2023-11-02 14:39:38,567 [INFO] IPUIPlugin:80 - create IPUIPlugin
2023-11-02 14:39:38,567 [INFO] PluginManager:220 - loadIPPluginJar : add resmgrutility
2023-11-02 14:39:38,571 [INFO] IPUIPlugin:80 - create IPUIPlugin
2023-11-02 14:39:38,571 [INFO] PluginManager:220 - loadIPPluginJar : add sai
2023-11-02 14:39:38,575 [INFO] IPUIPlugin:80 - create IPUIPlugin
2023-11-02 14:39:38,575 [INFO] PluginManager:220 - loadIPPluginJar : add spi
2023-11-02 14:39:38,580 [INFO] IPUIPlugin:80 - create IPUIPlugin
2023-11-02 14:39:38,580 [INFO] PluginManager:220 - loadIPPluginJar : add stm32_wpan
2023-11-02 14:39:38,583 [INFO] IPUIPlugin:80 - create IPUIPlugin
2023-11-02 14:39:38,583 [INFO] PluginManager:220 - loadIPPluginJar : add tim
2023-11-02 14:39:38,587 [INFO] IPUIPlugin:80 - create IPUIPlugin
2023-11-02 14:39:38,587 [INFO] PluginManager:220 - loadIPPluginJar : add touchsensing
2023-11-02 14:39:38,590 [INFO] IPUIPlugin:80 - create IPUIPlugin
2023-11-02 14:39:38,590 [INFO] PluginManager:220 - loadIPPluginJar : add tracer_emb
2023-11-02 14:39:38,593 [INFO] IPUIPlugin:80 - create IPUIPlugin
2023-11-02 14:39:38,593 [INFO] PluginManager:220 - loadIPPluginJar : add ts
2023-11-02 14:39:38,595 [INFO] IPUIPlugin:80 - create IPUIPlugin
2023-11-02 14:39:38,595 [INFO] PluginManager:220 - loadIPPluginJar : add tsc
2023-11-02 14:39:38,597 [INFO] IPUIPlugin:80 - create IPUIPlugin
2023-11-02 14:39:38,597 [INFO] PluginManager:220 - loadIPPluginJar : add ucpd
2023-11-02 14:39:38,600 [INFO] IPUIPlugin:80 - create IPUIPlugin
2023-11-02 14:39:38,600 [INFO] PluginManager:220 - loadIPPluginJar : add usart
2023-11-02 14:39:38,604 [INFO] IPUIPlugin:80 - create IPUIPlugin
2023-11-02 14:39:38,604 [INFO] PluginManager:220 - loadIPPluginJar : add usbx
2023-11-02 14:39:38,793 [INFO] CADModel:165 - CPN selected for project level
2023-11-02 14:39:38,793 [INFO] CADModel:114 - Register for checkConnection events
2023-11-02 14:39:38,794 [FATAL] Updater:308 - Updater called before beeing initialized
2023-11-02 14:39:38,794 [ERROR] CADModel:125 - Updater not yet initialized, retry later 
2023-11-02 14:39:38,941 [INFO] CADModel:165 - CPN selected for project level
2023-11-02 14:39:38,941 [INFO] CADModel:114 - Register for checkConnection events
2023-11-02 14:39:38,941 [FATAL] Updater:308 - Updater called before beeing initialized
2023-11-02 14:39:38,941 [ERROR] CADModel:125 - Updater not yet initialized, retry later 
2023-11-02 14:39:38,945 [FATAL] Updater:308 - Updater called before beeing initialized
2023-11-02 14:39:39,114 [FATAL] Updater:308 - Updater called before beeing initialized
2023-11-02 14:39:39,125 [INFO] DbMcusAds:53 - JSON generation date=Tue Mar 07 09:50:55 CET 2023 (1678179055335)
2023-11-02 14:39:39,126 [FATAL] Updater:308 - Updater called before beeing initialized
2023-11-02 14:39:39,166 [WARN] DetailPanel:346 - Failed to get advertising image, set to default
2023-11-02 14:39:39,309 [FATAL] Updater:308 - Updater called before beeing initialized
2023-11-02 14:39:39,310 [FATAL] Updater:308 - Updater called before beeing initialized
2023-11-02 14:39:39,311 [FATAL] Updater:308 - Updater called before beeing initialized
2023-11-02 14:39:39,311 [WARN] DetailPanel:346 - Failed to get advertising image, set to default
2023-11-02 14:39:39,312 [FATAL] Updater:308 - Updater called before beeing initialized
2023-11-02 14:39:39,386 [ERROR] Updater:1120 - MainUpdater not yet initialized. External WinMGr cannot be set.
2023-11-02 14:39:39,389 [INFO] Updater:1056 - Updater Version found : 6.9.1
2023-11-02 14:39:39,410 [INFO] ApplicationProperties:184 - Using Application install path: C:\appz\ST\STM32CubeIDE_1.10.1\STM32CubeIDE\plugins\com.st.stm32cube.common.mx_6.9.1.202307191849
2023-11-02 14:39:39,639 [INFO] MainUpdater:2868 - connection check result : 10
2023-11-02 14:39:39,640 [INFO] MainUpdater:285 - Updater Check For Update Now.
2023-11-02 14:39:39,640 [INFO] MicroXplorer:498 - Change Database Version : DB.6.0.91
2023-11-02 14:39:39,646 [INFO] McuFinderGlobals:63 - Set McuFinder mode to 2 (CubeIDE integrated)
2023-11-02 14:39:39,646 [INFO] UserAuth:179 - activating auth plugin
2023-11-02 14:39:39,657 [INFO] UserAuth:393 - Internet connection configuration mode: 1
2023-11-02 14:39:39,676 [INFO] JxBrowserEngine:151 - Initiate JxBrowser Engine with user profile folder
2023-11-02 14:39:39,928 [INFO] CheckServerUpdateThread:120 - End of CheckServer Thread
2023-11-02 14:39:40,968 [WARN] PackLoader:240 - Cannot read IP mode file for STMicroelectronics.X-CUBE-SMBUS.2.1.0
2023-11-02 14:39:41,023 [WARN] PackLoader:240 - Cannot read IP mode file for STMicroelectronics.X-CUBE-AZRTOS-F7.1.1.0
2023-11-02 14:39:41,050 [WARN] PackLoader:240 - Cannot read IP mode file for STMicroelectronics.FP-SNS-MOTENV1.4.3.2
2023-11-02 14:39:41,057 [WARN] PackLoader:240 - Cannot read IP mode file for STMicroelectronics.FP-SNS-FLIGHT1.5.0.2
2023-11-02 14:39:41,067 [WARN] PackLoader:240 - Cannot read IP mode file for STMicroelectronics.X-CUBE-DISPLAY.3.0.0
2023-11-02 14:39:41,081 [WARN] PackLoader:240 - Cannot read IP mode file for STMicroelectronics.X-CUBE-BLE1.7.0.0
2023-11-02 14:39:41,087 [WARN] PackLoader:240 - Cannot read IP mode file for emotas.I-CUBE-CANOPEN.1.3.0
2023-11-02 14:39:41,093 [WARN] PackLoader:240 - Cannot read IP mode file for STMicroelectronics.X-CUBE-TOUCHGFX.4.22.1
2023-11-02 14:39:41,099 [WARN] PackLoader:240 - Cannot read IP mode file for STMicroelectronics.FP-SNS-SMARTAG2.1.2.0
2023-11-02 14:39:41,112 [INFO] LogOutputStream:77 - [STDOUT_REDIRECT] 1 : Invalid condition id : UX_CORESTACK_Condition cause : null
2023-11-02 14:39:41,113 [INFO] LogOutputStream:77 - [STDOUT_REDIRECT] 1 : Invalid condition id : UX_CORESTACK_Condition cause : null
2023-11-02 14:39:41,114 [INFO] LogOutputStream:77 - [STDOUT_REDIRECT] 1 : Invalid condition id : UX_CORESTACK_Condition cause : null
2023-11-02 14:39:41,118 [INFO] LogOutputStream:77 - [STDOUT_REDIRECT] 1 : Invalid condition id : UX_CORESTACK_Condition cause : null
2023-11-02 14:39:41,120 [INFO] LogOutputStream:77 - [STDOUT_REDIRECT] 1 : Invalid condition id : UX_CORESTACK_Condition cause : null
2023-11-02 14:39:41,132 [WARN] PackLoader:240 - Cannot read IP mode file for STMicroelectronics.X-CUBE-AZRTOS-WL.2.0.0
2023-11-02 14:39:41,143 [WARN] PackLoader:240 - Cannot read IP mode file for WES.I-CUBE-Cesium.1.3.0
2023-11-02 14:39:41,149 [WARN] PackLoader:240 - Cannot read IP mode file for STMicroelectronics.X-CUBE-BLE2.3.3.0
2023-11-02 14:39:41,160 [WARN] PackLoader:240 - Cannot read IP mode file for STMicroelectronics.X-CUBE-ALGOBUILD.1.3.0
2023-11-02 14:39:41,184 [WARN] PackLoader:240 - Cannot read IP mode file for STMicroelectronics.X-CUBE-AZRTOS-G0.1.1.0
2023-11-02 14:39:41,193 [WARN] PackLoader:240 - Cannot read IP mode file for STMicroelectronics.X-CUBE-NFC4.3.0.0
2023-11-02 14:39:41,204 [WARN] PackLoader:240 - Cannot read IP mode file for STMicroelectronics.X-CUBE-BLEMGR.3.0.0
2023-11-02 14:39:41,213 [WARN] PackLoader:240 - Cannot read IP mode file for STMicroelectronics.FP-ATR-SIGFOX1.3.2.0
2023-11-02 14:39:41,221 [WARN] PackLoader:240 - Cannot read IP mode file for STMicroelectronics.X-CUBE-GNSS1.6.0.0
2023-11-02 14:39:41,252 [WARN] PackLoader:240 - Cannot read IP mode file for STMicroelectronics.X-CUBE-AZRTOS-F4.1.1.0
2023-11-02 14:39:41,270 [WARN] PackLoader:240 - Cannot read IP mode file for wolfSSL.I-CUBE-wolfSSL.5.6.3
2023-11-02 14:39:41,298 [WARN] PackLoader:240 - Cannot read IP mode file for STMicroelectronics.X-CUBE-AZRTOS-L5.2.0.0
2023-11-02 14:39:41,306 [WARN] PackLoader:240 - Cannot read IP mode file for STMicroelectronics.X-CUBE-EEPRMA1.4.2.0
2023-11-02 14:39:41,312 [WARN] PackLoader:240 - Cannot read IP mode file for ITTIA_DB.I-CUBE-ITTIADB.8.8.0
2023-11-02 14:39:41,332 [WARN] ConditionMgr:438 - getConditionDescription Invalid condition id : UX DEVICE CLASS RTOS Condition cause : null
2023-11-02 14:39:41,332 [WARN] ConditionMgr:438 - getConditionDescription Invalid condition id : UX DEVICE CLASS RTOS Condition cause : null
2023-11-02 14:39:41,335 [WARN] PackLoader:240 - Cannot read IP mode file for STMicroelectronics.X-CUBE-AZRTOS-H7.3.1.0
2023-11-02 14:39:41,337 [WARN] ConditionMgr:1039 - genDependencies : Invalid condition id : UX DEVICE CLASS RTOS Condition cause : null
2023-11-02 14:39:41,337 [WARN] ConditionMgr:1039 - genDependencies : Invalid condition id : UX DEVICE CLASS RTOS Condition cause : null
2023-11-02 14:39:41,337 [WARN] ConditionMgr:1039 - genDependencies : Invalid condition id : UX DEVICE CLASS RTOS Condition cause : null
2023-11-02 14:39:41,338 [WARN] ConditionMgr:1039 - genDependencies : Invalid condition id : UX DEVICE CLASS RTOS Condition cause : null
2023-11-02 14:39:41,338 [WARN] ConditionMgr:1039 - genDependencies : Invalid condition id : UX DEVICE CLASS RTOS Condition cause : null
2023-11-02 14:39:41,345 [WARN] PackLoader:240 - Cannot read IP mode file for STMicroelectronics.X-CUBE-NFC7.1.0.1
2023-11-02 14:39:41,352 [WARN] PackLoader:240 - Cannot read IP mode file for STMicroelectronics.X-CUBE-NFC6.3.0.0
2023-11-02 14:39:41,359 [WARN] PackLoader:240 - Cannot read IP mode file for STMicroelectronics.X-CUBE-AI.8.1.0
2023-11-02 14:39:41,384 [WARN] ConditionMgr:438 - getConditionDescription Invalid condition id : LAN8742 Phy interface Condition cause : null
2023-11-02 14:39:41,384 [WARN] PackLoader:240 - Cannot read IP mode file for STMicroelectronics.X-CUBE-AZRTOS-L4.2.0.0
2023-11-02 14:39:41,386 [WARN] ConditionMgr:1039 - genDependencies : Invalid condition id : LAN8742 Phy interface Condition cause : null
2023-11-02 14:39:41,387 [WARN] ConditionMgr:1039 - genDependencies : Invalid condition id : LAN8742 Phy interface Condition cause : null
2023-11-02 14:39:41,393 [WARN] ConditionMgr:1039 - genDependencies : Invalid condition id : LAN8742 Phy interface Condition cause : null
2023-11-02 14:39:41,402 [WARN] PackLoader:240 - Cannot read IP mode file for STMicroelectronics.X-CUBE-SFXS2LP1.4.0.0
2023-11-02 14:39:41,407 [WARN] PackLoader:240 - Cannot read IP mode file for STMicroelectronics.X-CUBE-ISPU.1.1.0
2023-11-02 14:39:41,422 [WARN] ConditionMgr:438 - getConditionDescription Invalid condition id : UX DEVICE CLASS RTOS Condition cause : null
2023-11-02 14:39:41,422 [WARN] ConditionMgr:438 - getConditionDescription Invalid condition id : UX DEVICE CLASS RTOS Condition cause : null
2023-11-02 14:39:41,424 [WARN] PackLoader:240 - Cannot read IP mode file for STMicroelectronics.X-CUBE-AZRTOS-WB.2.0.0
2023-11-02 14:39:41,425 [WARN] ConditionMgr:1039 - genDependencies : Invalid condition id : UX DEVICE CLASS RTOS Condition cause : null
2023-11-02 14:39:41,425 [WARN] ConditionMgr:1039 - genDependencies : Invalid condition id : UX DEVICE CLASS RTOS Condition cause : null
2023-11-02 14:39:41,425 [WARN] ConditionMgr:1039 - genDependencies : Invalid condition id : UX DEVICE CLASS RTOS Condition cause : null
2023-11-02 14:39:41,426 [WARN] ConditionMgr:1039 - genDependencies : Invalid condition id : UX DEVICE CLASS RTOS Condition cause : null
2023-11-02 14:39:41,426 [WARN] ConditionMgr:1039 - genDependencies : Invalid condition id : UX DEVICE CLASS RTOS Condition cause : null
2023-11-02 14:39:41,436 [WARN] PackLoader:240 - Cannot read IP mode file for STMicroelectronics.X-CUBE-SUBG2.5.0.0
2023-11-02 14:39:41,450 [WARN] PackLoader:240 - Cannot read IP mode file for STMicroelectronics.X-CUBE-TOF1.3.3.1
2023-11-02 14:39:41,478 [WARN] PackLoader:240 - Cannot read IP mode file for STMicroelectronics.X-CUBE-AZRTOS-G4.2.0.0
2023-11-02 14:39:41,493 [WARN] PackLoader:240 - Cannot read IP mode file for Infineon.AIROC-Wi-Fi-Bluetooth-STM32.1.5.1
2023-11-02 14:39:41,563 [WARN] PackLoader:240 - Cannot read IP mode file for STMicroelectronics.X-CUBE-MEMS1.10.0.0
2023-11-02 14:39:41,776 [WARN] PackLoader:240 - Cannot read IP mode file for STMicroelectronics.X-CUBE-FREERTOS.1.1.0
2023-11-02 14:39:41,781 [WARN] PackLoader:240 - Cannot read IP mode file for portGmbH.I-Cube-SoM-uGOAL.1.1.0
2023-11-02 14:39:41,787 [WARN] PackLoader:240 - Cannot read IP mode file for STMicroelectronics.X-CUBE-ALS.1.0.1
2023-11-02 14:39:41,792 [WARN] PackLoader:240 - Cannot read IP mode file for STMicroelectronics.FP-ATR-ASTRA1.2.0.0
2023-11-02 14:39:41,793 [INFO] ThirdParty:978 - Integrity check success = true
2023-11-02 14:39:41,793 [INFO] IntegrityCheckThread:100 - exiting critical section [integrity check]
2023-11-02 14:39:41,793 [INFO] IntegrityCheckThread:103 - End integrity checks thread
2023-11-02 14:39:42,274 [INFO] WebApp:157 - Instantiating new browser for Auth
2023-11-02 14:39:43,161 [INFO] WebApp:753 - Register for checkConnection events
2023-11-02 14:39:43,161 [INFO] WebApp:390 - Apply proxy settings
2023-11-02 14:39:43,161 [INFO] WebApp:475 - Chromium requires no authentication
2023-11-02 14:39:43,168 [INFO] WebApp:418 - Direct internet connection detected
2023-11-02 14:39:43,305 [INFO] WebApp:188 - Starting web application
2023-11-02 14:39:43,305 [INFO] WebApp:520 - Web application path used C:\appz\ST\STM32CubeIDE_1.10.1\STM32CubeIDE\plugins\com.st.stm32cube.common.mx_6.9.1.202307191849\db\plugins\mcufinder\reactClient1\index.html
2023-11-02 14:40:03,761 [ERROR] LogOutputStream:75 - [STDERR_REDIRECT] SLF4J: Failed to load class "org.slf4j.impl.StaticLoggerBinder".
2023-11-02 14:40:03,762 [ERROR] LogOutputStream:75 - [STDERR_REDIRECT] SLF4J: Defaulting to no-operation (NOP) logger implementation
2023-11-02 14:40:03,764 [ERROR] LogOutputStream:75 - [STDERR_REDIRECT] SLF4J: See http://www.slf4j.org/codes.html#StaticLoggerBinder for further details.
2023-11-02 14:45:48,113 [INFO] McuFinderGlobals:63 - Set McuFinder mode to 2 (CubeIDE integrated)
2023-11-02 14:45:48,120 [INFO] MainUpdater:2868 - connection check result : 10
2023-11-02 14:45:48,121 [INFO] MainUpdater:2868 - connection check result : 10
2023-11-02 14:45:48,194 [INFO] MicroXplorer:468 - Change Database Path : 
2023-11-02 14:45:48,195 [INFO] MicroXplorer:498 - Change Database Version : DB.6.0.91
2023-11-02 14:45:48,199 [WARN] ThirdParty:871 - waiting for thirdparty lock release [close project]
2023-11-02 14:45:48,199 [INFO] ThirdParty:873 - entering critical section [close project]
2023-11-02 14:45:48,200 [INFO] ThirdParty:883 - exiting critical section [close project]
2023-11-02 14:45:48,202 [INFO] PinOutPanel:1499 - setPackage(No Configuration,No Configuration)
2023-11-02 14:45:48,211 [INFO] UtilMem:75 - Begin LoadConfig() Used Memory: 818824192 Bytes (977272832)
2023-11-02 14:45:48,212 [INFO] MicroXplorer:468 - Change Database Path : 
2023-11-02 14:45:48,212 [INFO] MicroXplorer:498 - Change Database Version : DB.6.0.91
2023-11-02 14:45:48,212 [INFO] OpenFileManager:308 - Change cursor
2023-11-02 14:45:48,247 [INFO] Mcu:1946 - Initializing MCU STM32F030R8Tx STM32F030R8Tx STM32F030R8T6
2023-11-02 14:45:49,585 [INFO] Context:659 - Trying to add GPIOservice into a context  which must be forbidden
2023-11-02 14:45:50,067 [INFO] RtosManager:555 - Registered RTOS mode: class=CMSIS, group=RTOS, mode=CMSIS_V1, owner=FREERTOS
2023-11-02 14:45:50,067 [INFO] RtosManager:555 - Registered RTOS mode: class=CMSIS, group=RTOS2, mode=CMSIS_V2, owner=FREERTOS
2023-11-02 14:45:50,067 [INFO] RtosManager:555 - Registered RTOS mode: class=RTOS, group=Core, mode=CMSIS_V1, owner=FREERTOS
2023-11-02 14:45:50,067 [INFO] RtosManager:555 - Registered RTOS mode: class=RTOS, group=Core, mode=CMSIS_V2, owner=FREERTOS
2023-11-02 14:45:50,068 [WARN] ModelIntegratedComponent:184 - Missing modes for component STMicroelectronics:FreeRTOS:0.0.1:STMicroelectronics:RTOS:FreeRTOS:Core:::10.2.0:
2023-11-02 14:45:50,104 [WARN] ModelIntegratedComponent:63 - No mode defined for component null
2023-11-02 14:45:50,104 [WARN] ModelIntegratedComponent:63 - No mode defined for component null
2023-11-02 14:45:50,104 [WARN] ModelIntegratedComponent:63 - No mode defined for component null
2023-11-02 14:45:50,104 [WARN] ModelIntegratedComponent:63 - No mode defined for component null
2023-11-02 14:45:50,104 [WARN] ModelIntegratedComponent:63 - No mode defined for component null
2023-11-02 14:45:50,105 [WARN] ModelIntegratedComponent:63 - No mode defined for component null
2023-11-02 14:45:50,105 [WARN] ModelIntegratedComponent:63 - No mode defined for component null
2023-11-02 14:45:50,105 [WARN] ModelIntegratedComponent:63 - No mode defined for component null
2023-11-02 14:45:50,105 [WARN] ModelIntegratedComponent:63 - No mode defined for component null
2023-11-02 14:45:50,105 [WARN] ModelIntegratedComponent:63 - No mode defined for component null
2023-11-02 14:45:50,105 [WARN] ModelIntegratedComponent:63 - No mode defined for component null
2023-11-02 14:45:50,105 [WARN] ModelIntegratedComponent:63 - No mode defined for component null
2023-11-02 14:45:50,105 [WARN] ModelIntegratedComponent:63 - No mode defined for component null
2023-11-02 14:45:50,105 [WARN] ModelIntegratedComponent:63 - No mode defined for component null
2023-11-02 14:45:50,105 [WARN] ModelIntegratedComponent:63 - No mode defined for component null
2023-11-02 14:45:50,105 [WARN] ModelIntegratedComponent:63 - No mode defined for component null
2023-11-02 14:45:50,105 [WARN] ModelIntegratedComponent:63 - No mode defined for component null
2023-11-02 14:45:50,105 [WARN] ModelIntegratedComponent:63 - No mode defined for component null
2023-11-02 14:45:50,105 [WARN] ModelIntegratedComponent:63 - No mode defined for component null
2023-11-02 14:45:50,106 [WARN] ModelIntegratedComponent:63 - No mode defined for component null
2023-11-02 14:45:50,106 [WARN] ModelIntegratedComponent:63 - No mode defined for component null
2023-11-02 14:45:50,106 [WARN] ModelIntegratedComponent:63 - No mode defined for component null
2023-11-02 14:45:50,106 [WARN] ModelIntegratedComponent:63 - No mode defined for component null
2023-11-02 14:45:50,106 [WARN] ModelIntegratedComponent:63 - No mode defined for component null
2023-11-02 14:45:50,106 [WARN] ModelIntegratedComponent:63 - No mode defined for component null
2023-11-02 14:45:50,106 [WARN] ModelIntegratedComponent:63 - No mode defined for component null
2023-11-02 14:45:50,106 [WARN] ModelIntegratedComponent:63 - No mode defined for component null
2023-11-02 14:45:50,106 [WARN] ModelIntegratedComponent:63 - No mode defined for component null
2023-11-02 14:45:50,106 [WARN] ModelIntegratedComponent:63 - No mode defined for component null
2023-11-02 14:45:50,106 [WARN] ModelIntegratedComponent:63 - No mode defined for component null
2023-11-02 14:45:50,106 [WARN] ModelIntegratedComponent:63 - No mode defined for component null
2023-11-02 14:45:50,107 [WARN] ModelIntegratedComponent:63 - No mode defined for component null
2023-11-02 14:45:50,107 [WARN] ModelIntegratedComponent:63 - No mode defined for component null
2023-11-02 14:45:50,287 [INFO] ThirdPartyModel:298 - Start build external matchings
2023-11-02 14:45:50,646 [INFO] ThirdPartyModel:316 - End build external matchings
2023-11-02 14:45:50,666 [INFO] ImportTextPane:194 - (OptionalMessage_ERROR) IP (RCC) : Invalid parameter (FamilyName)
2023-11-02 14:45:50,888 [INFO] UtilMem:75 - End LoadConfig() Used Memory: 616475096 Bytes (1073741824)
2023-11-02 14:45:51,068 [INFO] ApiDb:581 - Connected to CubeFinder SQLite database (C:\Users\xladis00\.stmcufinder\plugins\mcufinder\mcu\cube-finder-db.db)
2023-11-02 14:45:51,144 [INFO] ApiDb:668 - CubeFinder database Data Model version=2.1
2023-11-02 14:45:51,144 [INFO] ApiDb:669 - CubeFinder database Configuration version=3.0.37
2023-11-02 14:45:51,145 [INFO] ApiDb:670 - CubeFinder database generation date=2023-10-13 (1697197505)
2023-11-02 14:45:51,145 [INFO] ApiDb:671 - CubeFinder database FW Pack versions=[FP-ATR-ASTRA1_V2.0.0, FP-SNS-FLIGHT1_V5.0.1, FP-SNS-FLIGHT1_V5.0.2, FP-SNS-MOTENV1_V4.3.1, FP-SNS-MOTENV1_V4.3.2, FP-SNS-SMARTAG2_V1.2.0, I-CUBE-ITTIADB_V8.6.3-1, STM32Cube_FW_C0_V1.1.0, STM32Cube_FW_F4_V1.27.1, STM32Cube_FW_F7_V1.17.0, STM32Cube_FW_G0_V1.6.1, STM32Cube_FW_G4_V1.5.1, STM32Cube_FW_H5_V0.5.1, STM32Cube_FW_H5_V1.1.1, STM32Cube_FW_H7_V1.11.0, STM32Cube_FW_L0_V1.12.2, STM32Cube_FW_L5_V1.5.0, STM32Cube_FW_U5_V1.3.0, STM32Cube_FW_U5_V1.3.0RC4, STM32Cube_FW_WBA_V1.0.0RC1, STM32Cube_FW_WBA_V1.1.0RC1, STM32Cube_FW_WBA_V1.1.1, STM32Cube_FW_WB_V1.15.0RC1, STM32Cube_FW_WB_V1.16.0, STM32Cube_FW_WB_V1.16.0RC2, STM32Cube_FW_WB_V1.17.3, STM32Cube_FW_WL_V1.3.0, X-CUBE-ALGOBUILD_V1.3.0, X-CUBE-ALS_V1.0.1, X-CUBE-AZRTOS-F4_V1.1.0, X-CUBE-AZRTOS-F7_V1.1.0, X-CUBE-AZRTOS-G0_V1.1.0, X-CUBE-AZRTOS-G4_V2.0.0, X-CUBE-AZRTOS-H7_V3.1.0, X-CUBE-AZRTOS-L4_V1.0.0, X-CUBE-AZRTOS-L4_V2.0.0, X-CUBE-AZRTOS-L5_V1.1.0, X-CUBE-AZRTOS-WB_V2.0.0, X-CUBE-AZRTOS-WL_V2.0.0, X-CUBE-BLE1_V7.0.0, X-CUBE-BLE2_V3.3.0, X-CUBE-BLEMGR_V2.0.0, X-CUBE-EEPRMA1_V4.1.0, X-CUBE-FREERTOS_V1.1.0, X-CUBE-GNSS1_V6.0.0, X-CUBE-MEMS1_V10.0.0, X-CUBE-MEMS1_V9.1.0, X-CUBE-MEMS1_V9.4.0, X-CUBE-MEMS1_V9.6.0, X-CUBE-NFC4_V3.0.0, X-CUBE-NFC7_V1.0.1, X-CUBE-SFXS2LP1_V4.0.0, X-CUBE-SUBG2_V5.0.0, X-CUBE-TOF1_V3.3.1]
2023-11-02 14:45:53,023 [INFO] ApiDb:240 - Found 323 in-development CPN: [B-G473E-ZEST1S, B-WB1M-WPAN1, B-WL5M-SUBG1, NUCLEO-C031C6, NUCLEO-H503RB, NUCLEO-H563ZI, NUCLEO-U545RE-Q, NUCLEO-U5A5ZJ-Q, NUCLEO-WBA52CG, STEVAL-PROTEUS1, STEVAL-SMARTAG2, STEVAL-STWINBX1, STM320518-EVAL, STM32C0116-DK, STM32C011D6Y3TR, STM32C011D6Y6TR, STM32C011F4P3, STM32C011F4P6, STM32C011F4U3, STM32C011F4U6TR, STM32C011F6P3, STM32C011F6P6, STM32C011F6U3, STM32C011F6U6TR, STM32C011J4M3, STM32C011J4M6, STM32C011J6M3, STM32C011J6M6, STM32C0316-DK, STM32C031C4T3, STM32C031C4T6, STM32C031C4U3, STM32C031C4U6, STM32C031C6T3, STM32C031C6T6, STM32C031C6U3, STM32C031C6U6, STM32C031F4P3, STM32C031F4P6, STM32C031F6P3, STM32C031F6P6, STM32C031G4U3, STM32C031G4U6, STM32C031G6U3, STM32C031G6U6, STM32C031K4T3, STM32C031K4T6, STM32C031K4U3, STM32C031K4U6, STM32C031K6T3, STM32C031K6T6, STM32C031K6U3, STM32C031K6U6, STM32G071K8TXN, STM32G071K8UXN, STM32G081GBU6N, STM32G081KBT6N, STM32G081KBUXN, STM32G0B1CCT6N, STM32G0B1KCT6, STM32G0B1NEY6TR, STM32G0B1RCT6N, STM32G0C1CCT6, STM32G0C1CCT6N, STM32G0C1CCU6N, STM32G0C1CET6N, STM32G0C1CEU6N, STM32G0C1KCT6, STM32G0C1NEY6TR, STM32G0C1RCI6N, STM32G0C1RCT6N, STM32G0C1REI6N, STM32G0C1RET6N, STM32G0C1VCI6, STM32G0C1VEI6, STM32G471CCT6, STM32G471CCU6, STM32G471CET3, STM32G471CET6, STM32G471CEU3, STM32G471CEU6, STM32G471MCT6, STM32G471MET3, STM32G471MET6, STM32G471MEY6TR, STM32G471QCT6, STM32G471QET3, STM32G471RCT6, STM32G471RET3, STM32G471RET6, STM32G471VCH6, STM32G471VCI6, STM32G471VCT6, STM32G471VEH3, STM32G471VEH6, STM32G471VEI3, STM32G471VEI6, STM32G471VET3, STM32G471VET6, STM32G474CCT6, STM32H503CBT6, STM32H503CBU6, STM32H503EBY6TR, STM32H503KBU6, STM32H503RBT6, STM32H562AGI6, STM32H562AII6, STM32H562IGK6, STM32H562IGT6, STM32H562IIK6, STM32H562IIT6, STM32H562RGT6, STM32H562RGV6, STM32H562RIT6, STM32H562RIV6, STM32H562VGT6, STM32H562VIT6, STM32H562ZGT6, STM32H562ZIT6, STM32H563AGI6, STM32H563AII3Q, STM32H563AII6, STM32H563IGK6, STM32H563IGT6, STM32H563IIK3Q, STM32H563IIK6, STM32H563IIT3Q, STM32H563IIT6, STM32H563MIY3QTR, STM32H563RGT6, STM32H563RGV6, STM32H563RIT6, STM32H563RIV6, STM32H563VGT6, STM32H563VIT3Q, STM32H563VIT6, STM32H563ZGT6, STM32H563ZIT3Q, STM32H563ZIT6, STM32H573AII3Q, STM32H573AII6, STM32H573I-DK, STM32H573IIK3Q, STM32H573IIK6, STM32H573IIT3Q, STM32H573IIT6, STM32H573MIY3QTR, STM32H573RIT6, STM32H573RIV6, STM32H573VIT3Q, STM32H573VIT6, STM32H573ZIT3Q, STM32H573ZIT6, STM32L4R5QGI6STR, STM32MP131AAE3, STM32MP131AAF3, STM32MP131AAG3, STM32MP131CAE3, STM32MP131CAF3, STM32MP131CAG3, STM32MP131DAE7, STM32MP131DAF7, STM32MP131DAG7, STM32MP131FAE7, STM32MP131FAF7, STM32MP131FAG7, STM32MP133AAE3, STM32MP133AAF3, STM32MP133AAG3, STM32MP133CAE3, STM32MP133CAF3, STM32MP133CAG3, STM32MP133DAE7, STM32MP133DAF7, STM32MP133DAG7, STM32MP133FAE7, STM32MP133FAF7, STM32MP133FAG7, STM32MP135AAE3, STM32MP135AAF3, STM32MP135AAG3, STM32MP135CAE3, STM32MP135CAF3, STM32MP135CAG3, STM32MP135DAE7, STM32MP135DAF7, STM32MP135DAG7, STM32MP135F-DK, STM32MP135FAE7, STM32MP135FAF7, STM32MP135FAF7T, STM32MP135FAF7U, STM32MP135FAG7, STM32U535CBT6, STM32U535CBT6Q, STM32U535CBU6, STM32U535CBU6Q, STM32U535CCT6, STM32U535CCT6Q, STM32U535CCU6, STM32U535CCU6Q, STM32U535CET6, STM32U535CET6Q, STM32U535CEU6, STM32U535CEU6Q, STM32U535JEY6QTR, STM32U535NCY6QTR, STM32U535NEY6QTR, STM32U535RBI6, STM32U535RBI6Q, STM32U535RBT6, STM32U535RBT6Q, STM32U535RCI6, STM32U535RCI6Q, STM32U535RCT6, STM32U535RCT6Q, STM32U535REI6, STM32U535REI6Q, STM32U535RET6, STM32U535RET6Q, STM32U535VCI6, STM32U535VCI6Q, STM32U535VCT6, STM32U535VCT6Q, STM32U535VEI6, STM32U535VEI6Q, STM32U535VET6, STM32U535VET6Q, STM32U545CET6, STM32U545CET6Q, STM32U545CEU6, STM32U545CEU6Q, STM32U545JEY6QTR, STM32U545NEY6QTR, STM32U545REI6, STM32U545REI6Q, STM32U545RET6, STM32U545RET6Q, STM32U545VEI6, STM32U545VEI6Q, STM32U545VET6, STM32U545VET6Q, STM32U595AIH6, STM32U595AIH6Q, STM32U595AJH6, STM32U595AJH6Q, STM32U595QII6, STM32U595QII6Q, STM32U595QJI6, STM32U595QJI6Q, STM32U595RIT6, STM32U595RIT6Q, STM32U595RJT6, STM32U595RJT6Q, STM32U595VIT6, STM32U595VIT6Q, STM32U595VJT6, STM32U595VJT6Q, STM32U595ZIT6, STM32U595ZIT6Q, STM32U595ZIY6QTR, STM32U595ZJT6, STM32U595ZJT6Q, STM32U595ZJY6QTR, STM32U599BJY6QTR, STM32U599NIH6Q, STM32U599NJH6Q, STM32U599VIT6Q, STM32U599VJT6, STM32U599VJT6Q, STM32U599ZIT6Q, STM32U599ZIY6QTR, STM32U599ZJT6Q, STM32U599ZJY6QTR, STM32U5A5AJH6, STM32U5A5AJH6Q, STM32U5A5QJI6, STM32U5A5QJI6Q, STM32U5A5RJT6, STM32U5A5RJT6Q, STM32U5A5VJT6, STM32U5A5VJT6Q, STM32U5A5ZJT6, STM32U5A5ZJT6Q, STM32U5A5ZJY6QTR, STM32U5A9BJY6QTR, STM32U5A9J-DK, STM32U5A9NJH6Q, STM32U5A9VJT6Q, STM32U5A9ZJT6Q, STM32U5A9ZJY6QTR, STM32U5F7VIT6, STM32U5F7VIT6Q, STM32U5F7VJT6, STM32U5F7VJT6Q, STM32U5F9BJY6QTR, STM32U5F9NJH6Q, STM32U5F9VIT6Q, STM32U5F9VJT6Q, STM32U5F9ZIJ6QTR, STM32U5F9ZIT6Q, STM32U5F9ZJJ6QTR, STM32U5F9ZJT6Q, STM32U5G7VJT6, STM32U5G7VJT6Q, STM32U5G9BJY6QTR, STM32U5G9J-DK1, STM32U5G9J-DK2, STM32U5G9NJH6Q, STM32U5G9VJT6Q, STM32U5G9ZJJ6QTR, STM32U5G9ZJT6Q, STM32WB1MMCH6, STM32WBA52CEU6, STM32WBA52CEU6T, STM32WBA52CGU6, STM32WBA52CGU6T, STM32WBA52KEU6, STM32WBA52KEU6T, STM32WBA52KGU6, STM32WBA52KGU6T, STM32WL5MOCH6, STM32WL5MOCH6TR]
2023-11-02 14:45:53,028 [INFO] DbMcus:217 - Found 3848 MCUs, 3848 are supported
2023-11-02 14:45:53,028 [INFO] ApiDb:423 - Load user favorites file C:\Users\xladis00/.stm32cubeide/favorites.mcus.txt: 0 item(s)
2023-11-02 14:45:53,029 [INFO] ApiDb:427 - User favorites MCUs=[]
2023-11-02 14:45:53,029 [INFO] DbMcus:223 - Set 0 / 0 favorites MCUs
2023-11-02 14:45:53,414 [WARN] ThirdParty:833 - waiting for thirdparty lock release [change project]
2023-11-02 14:45:53,414 [INFO] ThirdParty:835 - entering critical section [change project]
2023-11-02 14:45:53,414 [INFO] ThirdParty:1030 - CMSIS Pack Vendor :STMicroelectronics X-CUBE-ISPU 1.1.0
2023-11-02 14:45:53,414 [INFO] ThirdParty:1030 - CMSIS Pack Vendor :STMicroelectronics USBPD 4.1
2023-11-02 14:45:53,414 [INFO] ThirdParty:1030 - CMSIS Pack Vendor :STMicroelectronics X-CUBE-GNSS1 6.0.0
2023-11-02 14:45:53,414 [INFO] ThirdParty:1030 - CMSIS Pack Vendor :STMicroelectronics USB_HOST 2.0.0
2023-11-02 14:45:53,414 [INFO] ThirdParty:1030 - CMSIS Pack Vendor :STMicroelectronics X-CUBE-AZRTOS-F4 1.1.0
2023-11-02 14:45:53,414 [INFO] ThirdParty:1030 - CMSIS Pack Vendor :STMicroelectronics LIBJPEG 8.0.0
2023-11-02 14:45:53,415 [INFO] ThirdParty:1030 - CMSIS Pack Vendor :wolfSSL I-CUBE-wolfSSL 5.6.3
2023-11-02 14:45:53,415 [INFO] ThirdParty:1030 - CMSIS Pack Vendor :STMicroelectronics X-CUBE-SMBUS 2.1.0
2023-11-02 14:45:53,415 [INFO] ThirdParty:1030 - CMSIS Pack Vendor :STMicroelectronics USB_DEVICE 3.0.0
2023-11-02 14:45:53,415 [INFO] ThirdParty:1030 - CMSIS Pack Vendor :STMicroelectronics X-CUBE-AZRTOS-WB 2.0.0
2023-11-02 14:45:53,415 [INFO] ThirdParty:1030 - CMSIS Pack Vendor :STMicroelectronics X-CUBE-AZRTOS-F7 1.1.0
2023-11-02 14:45:53,415 [INFO] ThirdParty:1030 - CMSIS Pack Vendor :STMicroelectronics X-CUBE-AZRTOS-L5 2.0.0
2023-11-02 14:45:53,415 [INFO] ThirdParty:1030 - CMSIS Pack Vendor :STMicroelectronics USB_DEVICE 2.0.0
2023-11-02 14:45:53,415 [INFO] ThirdParty:1030 - CMSIS Pack Vendor :STMicroelectronics X-CUBE-EEPRMA1 4.2.0
2023-11-02 14:45:53,415 [INFO] ThirdParty:1030 - CMSIS Pack Vendor :ITTIA_DB I-CUBE-ITTIADB 8.8.0
2023-11-02 14:45:53,415 [INFO] ThirdParty:1030 - CMSIS Pack Vendor :STMicroelectronics FP-SNS-MOTENV1 4.3.2
2023-11-02 14:45:53,415 [INFO] ThirdParty:1030 - CMSIS Pack Vendor :STMicroelectronics X-CUBE-ALGOBUILD 1.3.0
2023-11-02 14:45:53,415 [INFO] ThirdParty:1030 - CMSIS Pack Vendor :STMicroelectronics FreeRTOS 0.0.1
2023-11-02 14:45:53,415 [INFO] ThirdParty:1030 - CMSIS Pack Vendor :STMicroelectronics X-CUBE-AZRTOS-G0 1.1.0
2023-11-02 14:45:53,415 [INFO] ThirdParty:1030 - CMSIS Pack Vendor :STMicroelectronics X-CUBE-NFC4 3.0.0
2023-11-02 14:45:53,416 [INFO] ThirdParty:1030 - CMSIS Pack Vendor :STMicroelectronics X-CUBE-SUBG2 5.0.0
2023-11-02 14:45:53,416 [INFO] ThirdParty:1030 - CMSIS Pack Vendor :STMicroelectronics STM32_WPAN 1.0.0
2023-11-02 14:45:53,416 [INFO] ThirdParty:1030 - CMSIS Pack Vendor :STMicroelectronics lwIP 2.0.3
2023-11-02 14:45:53,416 [INFO] ThirdParty:1030 - CMSIS Pack Vendor :STMicroelectronics FP-SNS-FLIGHT1 5.0.2
2023-11-02 14:45:53,416 [INFO] ThirdParty:1030 - CMSIS Pack Vendor :STMicroelectronics USB_HOST 1.0.0
2023-11-02 14:45:53,416 [INFO] ThirdParty:1030 - CMSIS Pack Vendor :STMicroelectronics X-CUBE-TOF1 3.3.1
2023-11-02 14:45:53,416 [INFO] ThirdParty:1030 - CMSIS Pack Vendor :STMicroelectronics X-CUBE-AZRTOS-G4 2.0.0
2023-11-02 14:45:53,416 [INFO] ThirdParty:1030 - CMSIS Pack Vendor :STMicroelectronics PDM2PCM 3.1.0
2023-11-02 14:45:53,416 [INFO] ThirdParty:1030 - CMSIS Pack Vendor :STMicroelectronics X-CUBE-AZRTOS-H7 3.1.0
2023-11-02 14:45:53,416 [INFO] ThirdParty:1030 - CMSIS Pack Vendor :Infineon AIROC-Wi-Fi-Bluetooth-STM32 1.5.1
2023-11-02 14:45:53,416 [INFO] ThirdParty:1030 - CMSIS Pack Vendor :STMicroelectronics X-CUBE-BLEMGR 3.0.0
2023-11-02 14:45:53,416 [INFO] ThirdParty:1030 - CMSIS Pack Vendor :STMicroelectronics PDM2PCM 3.3.0
2023-11-02 14:45:53,416 [INFO] ThirdParty:1030 - CMSIS Pack Vendor :STMicroelectronics X-CUBE-DISPLAY 3.0.0
2023-11-02 14:45:53,416 [INFO] ThirdParty:1030 - CMSIS Pack Vendor :STMicroelectronics X-CUBE-BLE1 7.0.0
2023-11-02 14:45:53,416 [INFO] ThirdParty:1030 - CMSIS Pack Vendor :STMicroelectronics FP-ATR-SIGFOX1 3.2.0
2023-11-02 14:45:53,416 [INFO] ThirdParty:1030 - CMSIS Pack Vendor :STMicroelectronics HAL Drivers 0.0.0
2023-11-02 14:45:53,417 [INFO] ThirdParty:1030 - CMSIS Pack Vendor :STMicroelectronics MBEDTLS 2.16.2
2023-11-02 14:45:53,417 [INFO] ThirdParty:1030 - CMSIS Pack Vendor :emotas I-CUBE-CANOPEN 1.3.0
2023-11-02 14:45:53,417 [INFO] ThirdParty:1030 - CMSIS Pack Vendor :STMicroelectronics X-CUBE-MEMS1 10.0.0
2023-11-02 14:45:53,417 [INFO] ThirdParty:1030 - CMSIS Pack Vendor :STMicroelectronics X-CUBE-FREERTOS 1.1.0
2023-11-02 14:45:53,417 [INFO] ThirdParty:1030 - CMSIS Pack Vendor :STMicroelectronics X-CUBE-NFC7 1.0.1
2023-11-02 14:45:53,417 [INFO] ThirdParty:1030 - CMSIS Pack Vendor :STMicroelectronics MBEDTLS 2.14.1
2023-11-02 14:45:53,417 [INFO] ThirdParty:1030 - CMSIS Pack Vendor :STMicroelectronics X-CUBE-TOUCHGFX 4.22.1
2023-11-02 14:45:53,417 [INFO] ThirdParty:1030 - CMSIS Pack Vendor :STMicroelectronics X-CUBE-NFC6 3.0.0
2023-11-02 14:45:53,417 [INFO] ThirdParty:1030 - CMSIS Pack Vendor :portGmbH I-Cube-SoM-uGOAL 1.1.0
2023-11-02 14:45:53,417 [INFO] ThirdParty:1030 - CMSIS Pack Vendor :STMicroelectronics X-CUBE-ALS 1.0.1
2023-11-02 14:45:53,417 [INFO] ThirdParty:1030 - CMSIS Pack Vendor :STMicroelectronics ThreadX 1.0.0
2023-11-02 14:45:53,417 [INFO] ThirdParty:1030 - CMSIS Pack Vendor :STMicroelectronics FP-SNS-SMARTAG2 1.2.0
2023-11-02 14:45:53,417 [INFO] ThirdParty:1030 - CMSIS Pack Vendor :STMicroelectronics X-CUBE-AZRTOS-WL 2.0.0
2023-11-02 14:45:53,417 [INFO] ThirdParty:1030 - CMSIS Pack Vendor :STMicroelectronics USB_DEVICE 1.0.0
2023-11-02 14:45:53,418 [INFO] ThirdParty:1030 - CMSIS Pack Vendor :STMicroelectronics X-CUBE-AI 8.1.0
2023-11-02 14:45:53,418 [INFO] ThirdParty:1030 - CMSIS Pack Vendor :STMicroelectronics X-CUBE-AZRTOS-L4 2.0.0
2023-11-02 14:45:53,418 [INFO] ThirdParty:1030 - CMSIS Pack Vendor :STMicroelectronics ThreadX 0.0.2
2023-11-02 14:45:53,418 [INFO] ThirdParty:1030 - CMSIS Pack Vendor :WES I-CUBE-Cesium 1.3.0
2023-11-02 14:45:53,418 [INFO] ThirdParty:1030 - CMSIS Pack Vendor :STMicroelectronics FP-ATR-ASTRA1 2.0.0
2023-11-02 14:45:53,418 [INFO] ThirdParty:1030 - CMSIS Pack Vendor :STMicroelectronics lwIP 2.1.2
2023-11-02 14:45:53,418 [INFO] ThirdParty:1030 - CMSIS Pack Vendor :STMicroelectronics X-CUBE-SFXS2LP1 4.0.0
2023-11-02 14:45:53,418 [INFO] ThirdParty:1030 - CMSIS Pack Vendor :STMicroelectronics X-CUBE-BLE2 3.3.0
2023-11-02 14:45:53,418 [INFO] ThirdParty:1030 - CMSIS Pack Vendor :STMicroelectronics PDM2PCM 3.2.0
2023-11-02 14:45:53,418 [INFO] ThirdParty:841 - exiting critical section [change project]
2023-11-02 14:45:53,746 [INFO] PinOutPanel:1499 - setPackage(No Configuration,No Configuration)
2023-11-02 14:45:53,747 [INFO] PinOutPanel:1499 - setPackage(STM32F030R8Tx,LQFP64)
2023-11-02 14:45:54,470 [INFO] UtilMem:75 - Before build in PCC Used Memory: 820083440 Bytes (1073741824)
2023-11-02 14:45:55,234 [INFO] UtilMem:75 - After build in PCC Used Memory: 891864800 Bytes (1073741824)
2023-11-02 14:45:55,265 [INFO] IPUIPlugin:80 - create IPUIPlugin
2023-11-02 14:45:55,265 [INFO] IPUIPlugin:80 - create IPUIPlugin
2023-11-02 14:45:55,265 [INFO] IPUIPlugin:80 - create IPUIPlugin
2023-11-02 14:45:55,265 [INFO] IPUIPlugin:80 - create IPUIPlugin
2023-11-02 14:45:55,266 [INFO] IPUIPlugin:80 - create IPUIPlugin
2023-11-02 14:45:55,266 [INFO] IPUIPlugin:80 - create IPUIPlugin
2023-11-02 14:45:55,266 [INFO] IPUIPlugin:80 - create IPUIPlugin
2023-11-02 14:45:55,266 [INFO] IPUIPlugin:80 - create IPUIPlugin
2023-11-02 14:45:55,267 [INFO] IPUIPlugin:80 - create IPUIPlugin
2023-11-02 14:45:55,267 [INFO] IPUIPlugin:80 - create IPUIPlugin
2023-11-02 14:45:55,267 [INFO] IPUIPlugin:80 - create IPUIPlugin
2023-11-02 14:45:55,267 [INFO] IPUIPlugin:80 - create IPUIPlugin
2023-11-02 14:45:55,267 [INFO] IPUIPlugin:80 - create IPUIPlugin
2023-11-02 14:45:55,268 [INFO] IPUIPlugin:80 - create IPUIPlugin
2023-11-02 14:45:55,268 [INFO] IPUIPlugin:80 - create IPUIPlugin
2023-11-02 14:45:55,268 [INFO] IPUIPlugin:80 - create IPUIPlugin
2023-11-02 14:45:55,268 [INFO] IPUIPlugin:80 - create IPUIPlugin
2023-11-02 14:45:55,269 [INFO] IPUIPlugin:80 - create IPUIPlugin
2023-11-02 14:45:55,269 [INFO] IPUIPlugin:80 - create IPUIPlugin
2023-11-02 14:45:55,270 [INFO] IPUIPlugin:80 - create IPUIPlugin
2023-11-02 14:45:55,270 [INFO] IPUIPlugin:80 - create IPUIPlugin
2023-11-02 14:45:55,270 [INFO] IPUIPlugin:80 - create IPUIPlugin
2023-11-02 14:45:55,270 [INFO] IPUIPlugin:80 - create IPUIPlugin
2023-11-02 14:45:55,271 [INFO] IPUIPlugin:80 - create IPUIPlugin
2023-11-02 14:45:55,271 [INFO] IPUIPlugin:80 - create IPUIPlugin
2023-11-02 14:45:55,271 [INFO] IPUIPlugin:80 - create IPUIPlugin
2023-11-02 14:45:55,532 [INFO] CADModel:165 - CPN selected for project levelSTM32F030R8T6
2023-11-02 14:45:55,532 [INFO] CADModel:114 - Register for checkConnection events
2023-11-02 14:45:55,590 [INFO] OpenFileManager:328 - Restore cursor
2023-11-02 14:46:10,181 [INFO] UtilMem:75 - End SaveConfig() Used Memory: 527587416 Bytes (1073741824)
2023-11-02 14:46:11,340 [INFO] UtilMem:75 - End SaveConfig() Used Memory: 561926384 Bytes (1073741824)
2023-11-02 14:46:12,569 [INFO] UtilMem:75 - End SaveConfig() Used Memory: 592599128 Bytes (1073741824)
2023-11-02 14:46:13,203 [INFO] BlockDiagram:2759 - set Specific Code input for plugin: NVIC
2023-11-02 14:46:13,203 [INFO] BlockDiagram:2759 - set Specific Code input for plugin: USART
2023-11-02 14:46:13,203 [INFO] BlockDiagram:2759 - set Specific Code input for plugin: SYS
2023-11-02 14:46:13,203 [INFO] BlockDiagram:2759 - set Specific Code input for plugin: GPIO
2023-11-02 14:46:13,203 [INFO] BlockDiagram:2759 - set Specific Code input for plugin: RCC
2023-11-02 14:46:13,205 [INFO] CodeGenerator:799 - code generatio: config db path: C:\appz\ST\STM32CubeIDE_1.10.1\STM32CubeIDE\plugins\com.st.stm32cube.common.mx_6.9.1.202307191849\\db\
2023-11-02 14:46:13,435 [INFO] CodeEngine:255 - oldGeneratedFile, C:\Users\xladis00\STM32CubeIDE\workspace_1.13.1\cv06\MXTmpFiles\license.tmp_save
2023-11-02 14:46:13,831 [INFO] CodeEngine:279 - Generated code: C:\Users\xladis00\STM32CubeIDE\workspace_1.13.1\cv06\MXTmpFiles\license.tmp
2023-11-02 14:46:13,994 [INFO] CodeEngine:255 - oldGeneratedFile, C:\Users\xladis00\STM32CubeIDE\workspace_1.13.1\cv06\MXTmpFiles\gpio.tmp_save
2023-11-02 14:46:14,193 [INFO] CodeEngine:279 - Generated code: C:\Users\xladis00\STM32CubeIDE\workspace_1.13.1\cv06\MXTmpFiles\gpio.tmp
2023-11-02 14:46:14,442 [INFO] CodeEngine:255 - oldGeneratedFile, C:\Users\xladis00\STM32CubeIDE\workspace_1.13.1\cv06\Core\Src\stm32f0xx_it.c_save
2023-11-02 14:46:14,655 [INFO] CodeEngine:279 - Generated code: C:\Users\xladis00\STM32CubeIDE\workspace_1.13.1\cv06\Core\Src\stm32f0xx_it.c
2023-11-02 14:46:14,662 [INFO] CodeEngine:255 - oldGeneratedFile, C:\Users\xladis00\STM32CubeIDE\workspace_1.13.1\cv06\Core\Inc\stm32f0xx_it.h_save
2023-11-02 14:46:14,770 [INFO] CodeEngine:279 - Generated code: C:\Users\xladis00\STM32CubeIDE\workspace_1.13.1\cv06\Core\Inc\stm32f0xx_it.h
2023-11-02 14:46:14,800 [INFO] CodeEngine:255 - oldGeneratedFile, C:\Users\xladis00\STM32CubeIDE\workspace_1.13.1\cv06\Core\Src\stm32f0xx_hal_msp.c_save
2023-11-02 14:46:14,991 [INFO] CodeEngine:279 - Generated code: C:\Users\xladis00\STM32CubeIDE\workspace_1.13.1\cv06\Core\Src\stm32f0xx_hal_msp.c
2023-11-02 14:46:14,996 [INFO] CodeEngine:255 - oldGeneratedFile, C:\Users\xladis00\STM32CubeIDE\workspace_1.13.1\cv06\MXTmpFiles\system.tmp_save
2023-11-02 14:46:15,095 [INFO] CodeEngine:279 - Generated code: C:\Users\xladis00\STM32CubeIDE\workspace_1.13.1\cv06\MXTmpFiles\system.tmp
2023-11-02 14:46:15,121 [INFO] CodeEngine:311 - oldGeneratedFile, C:\Users\xladis00\STM32CubeIDE\workspace_1.13.1\cv06\Core\Inc\stm32f0xx_hal_conf.h_save
2023-11-02 14:46:15,326 [INFO] CodeEngine:335 - Generated code: C:\Users\xladis00\STM32CubeIDE\workspace_1.13.1\cv06\Core\Inc\stm32f0xx_hal_conf.h
2023-11-02 14:46:15,380 [INFO] CodeEngine:255 - oldGeneratedFile, C:\Users\xladis00\STM32CubeIDE\workspace_1.13.1\cv06\Core\Inc\main.h_save
2023-11-02 14:46:15,560 [INFO] CodeEngine:279 - Generated code: C:\Users\xladis00\STM32CubeIDE\workspace_1.13.1\cv06\Core\Inc\main.h
2023-11-02 14:46:15,573 [INFO] CodeEngine:255 - oldGeneratedFile, C:\Users\xladis00\STM32CubeIDE\workspace_1.13.1\cv06\Core\Src\main.c_save
2023-11-02 14:46:15,776 [INFO] CodeEngine:279 - Generated code: C:\Users\xladis00\STM32CubeIDE\workspace_1.13.1\cv06\Core\Src\main.c
2023-11-02 14:46:16,650 [INFO] ProjectBuilder:3064 - Time for Copy HAL[1] : 136mS.
2023-11-02 14:46:16,656 [INFO] ProjectBuilder:4404 - Project Generator version: 4.1.0
2023-11-02 14:46:17,023 [INFO] ConfigFileManager:1457 - The Die is : DIE440
2023-11-02 14:46:17,032 [INFO] ApiDbMcu:507 - Load IP Config File for FATFS
2023-11-02 14:46:17,038 [INFO] ApiDbMcu:507 - Load IP Config File for FREERTOS
2023-11-02 14:46:17,970 [INFO] LogOutputStream:77 - [STDOUT_REDIRECT] 
2023-11-02 14:46:19,398 [INFO] ProjectBuilder:4626 - Time for Generating toolchain IDE Files: 2741mS.
2023-11-02 14:46:19,399 [INFO] ProjectBuilder:2935 - Time for Copy CMSIS : 0mS.
2023-11-02 14:46:19,401 [INFO] ProjectBuilder:2935 - Time for Copy CMSIS : 0mS.
2023-11-02 14:46:48,840 [INFO] Gpio:273 - dependency for GPIO [RCC, SYS, USART2]
2023-11-02 14:46:59,885 [INFO] UtilMem:75 - End SaveConfig() Used Memory: 438480424 Bytes (964689920)
2023-11-02 14:47:00,785 [INFO] UtilMem:75 - End SaveConfig() Used Memory: 245203184 Bytes (817889280)
2023-11-02 14:47:02,648 [INFO] UtilMem:75 - End SaveConfig() Used Memory: 275089648 Bytes (817889280)
2023-11-02 14:47:02,859 [INFO] BlockDiagram:2759 - set Specific Code input for plugin: NVIC
2023-11-02 14:47:02,859 [INFO] BlockDiagram:2759 - set Specific Code input for plugin: USART
2023-11-02 14:47:02,859 [INFO] BlockDiagram:2759 - set Specific Code input for plugin: SYS
2023-11-02 14:47:02,862 [INFO] BlockDiagram:2759 - set Specific Code input for plugin: GPIO
2023-11-02 14:47:02,862 [INFO] BlockDiagram:2759 - set Specific Code input for plugin: RCC
2023-11-02 14:47:02,863 [INFO] CodeGenerator:799 - code generatio: config db path: C:\appz\ST\STM32CubeIDE_1.10.1\STM32CubeIDE\plugins\com.st.stm32cube.common.mx_6.9.1.202307191849\\db\
2023-11-02 14:47:03,017 [INFO] CodeEngine:255 - oldGeneratedFile, C:\Users\xladis00\STM32CubeIDE\workspace_1.13.1\cv06\MXTmpFiles\license.tmp_save
2023-11-02 14:47:03,156 [INFO] CodeEngine:279 - Generated code: C:\Users\xladis00\STM32CubeIDE\workspace_1.13.1\cv06\MXTmpFiles\license.tmp
2023-11-02 14:47:03,236 [INFO] CodeEngine:255 - oldGeneratedFile, C:\Users\xladis00\STM32CubeIDE\workspace_1.13.1\cv06\MXTmpFiles\gpio.tmp_save
2023-11-02 14:47:03,372 [INFO] CodeEngine:279 - Generated code: C:\Users\xladis00\STM32CubeIDE\workspace_1.13.1\cv06\MXTmpFiles\gpio.tmp
2023-11-02 14:47:03,520 [INFO] CodeEngine:255 - oldGeneratedFile, C:\Users\xladis00\STM32CubeIDE\workspace_1.13.1\cv06\Core\Src\stm32f0xx_it.c_save
2023-11-02 14:47:03,644 [INFO] CodeEngine:279 - Generated code: C:\Users\xladis00\STM32CubeIDE\workspace_1.13.1\cv06\Core\Src\stm32f0xx_it.c
2023-11-02 14:47:03,651 [INFO] CodeEngine:255 - oldGeneratedFile, C:\Users\xladis00\STM32CubeIDE\workspace_1.13.1\cv06\Core\Inc\stm32f0xx_it.h_save
2023-11-02 14:47:03,736 [INFO] CodeEngine:279 - Generated code: C:\Users\xladis00\STM32CubeIDE\workspace_1.13.1\cv06\Core\Inc\stm32f0xx_it.h
2023-11-02 14:47:03,778 [INFO] CodeEngine:255 - oldGeneratedFile, C:\Users\xladis00\STM32CubeIDE\workspace_1.13.1\cv06\Core\Src\stm32f0xx_hal_msp.c_save
2023-11-02 14:47:04,076 [INFO] CodeEngine:279 - Generated code: C:\Users\xladis00\STM32CubeIDE\workspace_1.13.1\cv06\Core\Src\stm32f0xx_hal_msp.c
2023-11-02 14:47:04,080 [INFO] CodeEngine:255 - oldGeneratedFile, C:\Users\xladis00\STM32CubeIDE\workspace_1.13.1\cv06\MXTmpFiles\system.tmp_save
2023-11-02 14:47:04,156 [INFO] CodeEngine:279 - Generated code: C:\Users\xladis00\STM32CubeIDE\workspace_1.13.1\cv06\MXTmpFiles\system.tmp
2023-11-02 14:47:04,175 [INFO] CodeEngine:311 - oldGeneratedFile, C:\Users\xladis00\STM32CubeIDE\workspace_1.13.1\cv06\Core\Inc\stm32f0xx_hal_conf.h_save
2023-11-02 14:47:04,299 [INFO] CodeEngine:335 - Generated code: C:\Users\xladis00\STM32CubeIDE\workspace_1.13.1\cv06\Core\Inc\stm32f0xx_hal_conf.h
2023-11-02 14:47:04,337 [INFO] CodeEngine:255 - oldGeneratedFile, C:\Users\xladis00\STM32CubeIDE\workspace_1.13.1\cv06\Core\Inc\main.h_save
2023-11-02 14:47:04,437 [INFO] CodeEngine:279 - Generated code: C:\Users\xladis00\STM32CubeIDE\workspace_1.13.1\cv06\Core\Inc\main.h
2023-11-02 14:47:04,451 [INFO] CodeEngine:255 - oldGeneratedFile, C:\Users\xladis00\STM32CubeIDE\workspace_1.13.1\cv06\Core\Src\main.c_save
2023-11-02 14:47:04,593 [INFO] CodeEngine:279 - Generated code: C:\Users\xladis00\STM32CubeIDE\workspace_1.13.1\cv06\Core\Src\main.c
2023-11-02 14:47:05,120 [INFO] ProjectBuilder:3064 - Time for Copy HAL[1] : 141mS.
2023-11-02 14:47:05,124 [INFO] ProjectBuilder:4404 - Project Generator version: 4.1.0
2023-11-02 14:47:05,629 [INFO] ConfigFileManager:1457 - The Die is : DIE440
2023-11-02 14:47:07,591 [INFO] ProjectBuilder:4626 - Time for Generating toolchain IDE Files: 2467mS.
2023-11-02 14:47:07,592 [INFO] ProjectBuilder:2935 - Time for Copy CMSIS : 0mS.
2023-11-02 14:47:07,594 [INFO] ProjectBuilder:2935 - Time for Copy CMSIS : 0mS.
2023-11-02 14:47:15,568 [INFO] UtilMem:75 - End SaveConfig() Used Memory: 651734016 Bytes (1000341504)
2023-11-02 14:47:17,342 [INFO] UtilMem:75 - End SaveConfig() Used Memory: 268403712 Bytes (1000341504)
2023-11-02 14:47:22,241 [INFO] UtilMem:75 - End SaveConfig() Used Memory: 256222240 Bytes (1000341504)
2023-11-02 14:47:22,473 [INFO] BlockDiagram:2759 - set Specific Code input for plugin: NVIC
2023-11-02 14:47:22,474 [INFO] BlockDiagram:2759 - set Specific Code input for plugin: USART
2023-11-02 14:47:22,474 [INFO] BlockDiagram:2759 - set Specific Code input for plugin: SYS
2023-11-02 14:47:22,474 [INFO] BlockDiagram:2759 - set Specific Code input for plugin: GPIO
2023-11-02 14:47:22,474 [INFO] BlockDiagram:2759 - set Specific Code input for plugin: RCC
2023-11-02 14:47:22,475 [INFO] CodeGenerator:799 - code generatio: config db path: C:\appz\ST\STM32CubeIDE_1.10.1\STM32CubeIDE\plugins\com.st.stm32cube.common.mx_6.9.1.202307191849\\db\
2023-11-02 14:47:22,650 [INFO] CodeEngine:255 - oldGeneratedFile, C:\Users\xladis00\STM32CubeIDE\workspace_1.13.1\cv06\MXTmpFiles\license.tmp_save
2023-11-02 14:47:22,750 [INFO] CodeEngine:279 - Generated code: C:\Users\xladis00\STM32CubeIDE\workspace_1.13.1\cv06\MXTmpFiles\license.tmp
2023-11-02 14:47:22,816 [INFO] CodeEngine:255 - oldGeneratedFile, C:\Users\xladis00\STM32CubeIDE\workspace_1.13.1\cv06\MXTmpFiles\gpio.tmp_save
2023-11-02 14:47:22,998 [INFO] CodeEngine:279 - Generated code: C:\Users\xladis00\STM32CubeIDE\workspace_1.13.1\cv06\MXTmpFiles\gpio.tmp
2023-11-02 14:47:23,139 [INFO] CodeEngine:255 - oldGeneratedFile, C:\Users\xladis00\STM32CubeIDE\workspace_1.13.1\cv06\Core\Src\stm32f0xx_it.c_save
2023-11-02 14:47:23,269 [INFO] CodeEngine:279 - Generated code: C:\Users\xladis00\STM32CubeIDE\workspace_1.13.1\cv06\Core\Src\stm32f0xx_it.c
2023-11-02 14:47:23,276 [INFO] CodeEngine:255 - oldGeneratedFile, C:\Users\xladis00\STM32CubeIDE\workspace_1.13.1\cv06\Core\Inc\stm32f0xx_it.h_save
2023-11-02 14:47:23,371 [INFO] CodeEngine:279 - Generated code: C:\Users\xladis00\STM32CubeIDE\workspace_1.13.1\cv06\Core\Inc\stm32f0xx_it.h
2023-11-02 14:47:23,390 [INFO] CodeEngine:255 - oldGeneratedFile, C:\Users\xladis00\STM32CubeIDE\workspace_1.13.1\cv06\Core\Src\stm32f0xx_hal_msp.c_save
2023-11-02 14:47:23,756 [INFO] CodeEngine:279 - Generated code: C:\Users\xladis00\STM32CubeIDE\workspace_1.13.1\cv06\Core\Src\stm32f0xx_hal_msp.c
2023-11-02 14:47:23,761 [INFO] CodeEngine:255 - oldGeneratedFile, C:\Users\xladis00\STM32CubeIDE\workspace_1.13.1\cv06\MXTmpFiles\system.tmp_save
2023-11-02 14:47:23,860 [INFO] CodeEngine:279 - Generated code: C:\Users\xladis00\STM32CubeIDE\workspace_1.13.1\cv06\MXTmpFiles\system.tmp
2023-11-02 14:47:23,886 [INFO] CodeEngine:311 - oldGeneratedFile, C:\Users\xladis00\STM32CubeIDE\workspace_1.13.1\cv06\Core\Inc\stm32f0xx_hal_conf.h_save
2023-11-02 14:47:24,015 [INFO] CodeEngine:335 - Generated code: C:\Users\xladis00\STM32CubeIDE\workspace_1.13.1\cv06\Core\Inc\stm32f0xx_hal_conf.h
2023-11-02 14:47:24,052 [INFO] CodeEngine:255 - oldGeneratedFile, C:\Users\xladis00\STM32CubeIDE\workspace_1.13.1\cv06\Core\Inc\main.h_save
2023-11-02 14:47:24,164 [INFO] CodeEngine:279 - Generated code: C:\Users\xladis00\STM32CubeIDE\workspace_1.13.1\cv06\Core\Inc\main.h
2023-11-02 14:47:24,181 [INFO] CodeEngine:255 - oldGeneratedFile, C:\Users\xladis00\STM32CubeIDE\workspace_1.13.1\cv06\Core\Src\main.c_save
2023-11-02 14:47:24,315 [INFO] CodeEngine:279 - Generated code: C:\Users\xladis00\STM32CubeIDE\workspace_1.13.1\cv06\Core\Src\main.c
2023-11-02 14:47:24,792 [INFO] ProjectBuilder:3064 - Time for Copy HAL[1] : 139mS.
2023-11-02 14:47:24,796 [INFO] ProjectBuilder:4404 - Project Generator version: 4.1.0
2023-11-02 14:47:25,224 [INFO] ConfigFileManager:1457 - The Die is : DIE440
2023-11-02 14:47:26,980 [INFO] ProjectBuilder:4626 - Time for Generating toolchain IDE Files: 2184mS.
2023-11-02 14:47:26,981 [INFO] ProjectBuilder:2935 - Time for Copy CMSIS : 1mS.
2023-11-02 14:47:26,983 [INFO] ProjectBuilder:2935 - Time for Copy CMSIS : 0mS.
2023-11-02 15:57:48,255 [INFO] Gpio:273 - dependency for GPIO [ADC, RCC, SYS, USART2]
2023-11-02 15:57:48,343 [INFO] NvicIntPanel:101 - NVIC parent = com.st.microxplorer.plugins.ip.nvic.MultiNvicIntPanel[,0,0,0x0,invalid,layout=javax.swing.BoxLayout,alignmentX=0.0,alignmentY=0.0,border=,flags=9,maximumSize=,minimumSize=,preferredSize=]
2023-11-02 15:58:28,245 [INFO] Gpio:273 - dependency for GPIO [ADC, RCC, SYS, USART2]
2023-11-02 15:58:28,293 [INFO] NvicIntPanel:101 - NVIC parent = com.st.microxplorer.plugins.ip.nvic.MultiNvicIntPanel[,0,0,0x0,invalid,layout=javax.swing.BoxLayout,alignmentX=0.0,alignmentY=0.0,border=,flags=9,maximumSize=,minimumSize=,preferredSize=]
2023-11-02 15:58:28,361 [INFO] DmaTabbedPanel:205 - Cannot restore the selected Tab for DMA
2023-11-02 15:58:28,988 [INFO] Gpio:273 - dependency for GPIO [ADC, RCC, SYS, USART2]
2023-11-02 15:58:35,091 [INFO] Gpio:273 - dependency for GPIO [RCC, SYS, USART2]
2023-11-02 15:58:35,136 [INFO] NvicIntPanel:101 - NVIC parent = com.st.microxplorer.plugins.ip.nvic.MultiNvicIntPanel[,0,0,0x0,invalid,layout=javax.swing.BoxLayout,alignmentX=0.0,alignmentY=0.0,border=,flags=9,maximumSize=,minimumSize=,preferredSize=]
2023-11-02 15:58:38,813 [INFO] Gpio:273 - dependency for GPIO [ADC, RCC, SYS, USART2]
2023-11-02 15:58:38,860 [INFO] NvicIntPanel:101 - NVIC parent = com.st.microxplorer.plugins.ip.nvic.MultiNvicIntPanel[,0,0,0x0,invalid,layout=javax.swing.BoxLayout,alignmentX=0.0,alignmentY=0.0,border=,flags=9,maximumSize=,minimumSize=,preferredSize=]
2023-11-02 15:58:57,076 [INFO] UtilMem:75 - End SaveConfig() Used Memory: 688490656 Bytes (818937856)
2023-11-02 15:58:58,374 [INFO] UtilMem:75 - End SaveConfig() Used Memory: 220133824 Bytes (730857472)
2023-11-02 15:59:04,602 [INFO] UtilMem:75 - End SaveConfig() Used Memory: 275396200 Bytes (730857472)
2023-11-02 15:59:04,801 [INFO] BlockDiagram:2759 - set Specific Code input for plugin: ADC
2023-11-02 15:59:04,802 [INFO] BlockDiagram:2759 - set Specific Code input for plugin: NVIC
2023-11-02 15:59:04,802 [INFO] BlockDiagram:2759 - set Specific Code input for plugin: USART
2023-11-02 15:59:04,802 [INFO] BlockDiagram:2759 - set Specific Code input for plugin: SYS
2023-11-02 15:59:04,802 [INFO] BlockDiagram:2759 - set Specific Code input for plugin: GPIO
2023-11-02 15:59:04,802 [INFO] BlockDiagram:2759 - set Specific Code input for plugin: RCC
2023-11-02 15:59:04,803 [INFO] CodeGenerator:799 - code generatio: config db path: C:\appz\ST\STM32CubeIDE_1.10.1\STM32CubeIDE\plugins\com.st.stm32cube.common.mx_6.9.1.202307191849\\db\
2023-11-02 15:59:04,936 [INFO] CodeEngine:255 - oldGeneratedFile, C:\Users\xladis00\STM32CubeIDE\workspace_1.13.1\cv06\MXTmpFiles\license.tmp_save
2023-11-02 15:59:05,104 [INFO] CodeEngine:279 - Generated code: C:\Users\xladis00\STM32CubeIDE\workspace_1.13.1\cv06\MXTmpFiles\license.tmp
2023-11-02 15:59:05,172 [INFO] CodeEngine:255 - oldGeneratedFile, C:\Users\xladis00\STM32CubeIDE\workspace_1.13.1\cv06\MXTmpFiles\gpio.tmp_save
2023-11-02 15:59:05,322 [INFO] CodeEngine:279 - Generated code: C:\Users\xladis00\STM32CubeIDE\workspace_1.13.1\cv06\MXTmpFiles\gpio.tmp
2023-11-02 15:59:05,576 [INFO] CodeEngine:255 - oldGeneratedFile, C:\Users\xladis00\STM32CubeIDE\workspace_1.13.1\cv06\Core\Src\stm32f0xx_it.c_save
2023-11-02 15:59:06,004 [INFO] CodeEngine:279 - Generated code: C:\Users\xladis00\STM32CubeIDE\workspace_1.13.1\cv06\Core\Src\stm32f0xx_it.c
2023-11-02 15:59:06,017 [INFO] CodeEngine:255 - oldGeneratedFile, C:\Users\xladis00\STM32CubeIDE\workspace_1.13.1\cv06\Core\Inc\stm32f0xx_it.h_save
2023-11-02 15:59:06,130 [INFO] CodeEngine:279 - Generated code: C:\Users\xladis00\STM32CubeIDE\workspace_1.13.1\cv06\Core\Inc\stm32f0xx_it.h
2023-11-02 15:59:06,164 [INFO] CodeEngine:255 - oldGeneratedFile, C:\Users\xladis00\STM32CubeIDE\workspace_1.13.1\cv06\Core\Src\stm32f0xx_hal_msp.c_save
2023-11-02 15:59:06,358 [INFO] CodeEngine:279 - Generated code: C:\Users\xladis00\STM32CubeIDE\workspace_1.13.1\cv06\Core\Src\stm32f0xx_hal_msp.c
2023-11-02 15:59:06,363 [INFO] CodeEngine:255 - oldGeneratedFile, C:\Users\xladis00\STM32CubeIDE\workspace_1.13.1\cv06\MXTmpFiles\system.tmp_save
2023-11-02 15:59:06,438 [INFO] CodeEngine:279 - Generated code: C:\Users\xladis00\STM32CubeIDE\workspace_1.13.1\cv06\MXTmpFiles\system.tmp
2023-11-02 15:59:06,456 [INFO] CodeEngine:311 - oldGeneratedFile, C:\Users\xladis00\STM32CubeIDE\workspace_1.13.1\cv06\Core\Inc\stm32f0xx_hal_conf.h_save
2023-11-02 15:59:06,566 [INFO] CodeEngine:335 - Generated code: C:\Users\xladis00\STM32CubeIDE\workspace_1.13.1\cv06\Core\Inc\stm32f0xx_hal_conf.h
2023-11-02 15:59:06,606 [INFO] CodeEngine:255 - oldGeneratedFile, C:\Users\xladis00\STM32CubeIDE\workspace_1.13.1\cv06\Core\Inc\main.h_save
2023-11-02 15:59:06,727 [INFO] CodeEngine:279 - Generated code: C:\Users\xladis00\STM32CubeIDE\workspace_1.13.1\cv06\Core\Inc\main.h
2023-11-02 15:59:06,743 [INFO] CodeEngine:255 - oldGeneratedFile, C:\Users\xladis00\STM32CubeIDE\workspace_1.13.1\cv06\Core\Src\main.c_save
2023-11-02 15:59:06,884 [INFO] CodeEngine:279 - Generated code: C:\Users\xladis00\STM32CubeIDE\workspace_1.13.1\cv06\Core\Src\main.c
2023-11-02 15:59:07,460 [INFO] ProjectBuilder:3064 - Time for Copy HAL[1] : 144mS.
2023-11-02 15:59:07,463 [INFO] ProjectBuilder:4404 - Project Generator version: 4.1.0
2023-11-02 15:59:07,652 [INFO] ConfigFileManager:1457 - The Die is : DIE440
2023-11-02 15:59:09,624 [INFO] ProjectBuilder:4626 - Time for Generating toolchain IDE Files: 2161mS.
2023-11-02 15:59:09,625 [INFO] ProjectBuilder:2935 - Time for Copy CMSIS : 0mS.
2023-11-02 15:59:09,628 [INFO] ProjectBuilder:2935 - Time for Copy CMSIS : 0mS.
2023-11-02 16:27:53,803 [INFO] NvicIntPanel:101 - NVIC parent = com.st.microxplorer.plugins.ip.nvic.MultiNvicIntPanel[,0,0,0x0,invalid,layout=javax.swing.BoxLayout,alignmentX=0.0,alignmentY=0.0,border=,flags=9,maximumSize=,minimumSize=,preferredSize=]
2023-11-02 16:28:07,866 [INFO] NvicIntPanel:101 - NVIC parent = com.st.microxplorer.plugins.ip.nvic.MultiNvicIntPanel[,0,0,0x0,invalid,layout=javax.swing.BoxLayout,alignmentX=0.0,alignmentY=0.0,border=,flags=9,maximumSize=,minimumSize=,preferredSize=]
2023-11-02 16:28:14,709 [INFO] NvicIntPanel:101 - NVIC parent = com.st.microxplorer.plugins.ip.nvic.MultiNvicIntPanel[,0,0,0x0,invalid,layout=javax.swing.BoxLayout,alignmentX=0.0,alignmentY=0.0,border=,flags=9,maximumSize=,minimumSize=,preferredSize=]
2023-11-02 16:28:16,260 [INFO] UtilMem:75 - End SaveConfig() Used Memory: 281018944 Bytes (780140544)
2023-11-02 16:28:17,526 [INFO] UtilMem:75 - End SaveConfig() Used Memory: 296136160 Bytes (780140544)
2023-11-02 16:28:18,539 [INFO] UtilMem:75 - End SaveConfig() Used Memory: 323953040 Bytes (780140544)
2023-11-02 16:28:18,742 [INFO] BlockDiagram:2759 - set Specific Code input for plugin: ADC
2023-11-02 16:28:18,742 [INFO] BlockDiagram:2759 - set Specific Code input for plugin: NVIC
2023-11-02 16:28:18,742 [INFO] BlockDiagram:2759 - set Specific Code input for plugin: USART
2023-11-02 16:28:18,742 [INFO] BlockDiagram:2759 - set Specific Code input for plugin: SYS
2023-11-02 16:28:18,743 [INFO] BlockDiagram:2759 - set Specific Code input for plugin: GPIO
2023-11-02 16:28:18,743 [INFO] BlockDiagram:2759 - set Specific Code input for plugin: RCC
2023-11-02 16:28:18,743 [INFO] CodeGenerator:799 - code generatio: config db path: C:\appz\ST\STM32CubeIDE_1.10.1\STM32CubeIDE\plugins\com.st.stm32cube.common.mx_6.9.1.202307191849\\db\
2023-11-02 16:28:18,878 [INFO] CodeEngine:255 - oldGeneratedFile, C:\Users\xladis00\STM32CubeIDE\workspace_1.13.1\cv06\MXTmpFiles\license.tmp_save
2023-11-02 16:28:19,027 [INFO] CodeEngine:279 - Generated code: C:\Users\xladis00\STM32CubeIDE\workspace_1.13.1\cv06\MXTmpFiles\license.tmp
2023-11-02 16:28:19,094 [INFO] CodeEngine:255 - oldGeneratedFile, C:\Users\xladis00\STM32CubeIDE\workspace_1.13.1\cv06\MXTmpFiles\gpio.tmp_save
2023-11-02 16:28:19,216 [INFO] CodeEngine:279 - Generated code: C:\Users\xladis00\STM32CubeIDE\workspace_1.13.1\cv06\MXTmpFiles\gpio.tmp
2023-11-02 16:28:19,426 [INFO] CodeEngine:255 - oldGeneratedFile, C:\Users\xladis00\STM32CubeIDE\workspace_1.13.1\cv06\Core\Src\stm32f0xx_it.c_save
2023-11-02 16:28:19,743 [INFO] CodeEngine:279 - Generated code: C:\Users\xladis00\STM32CubeIDE\workspace_1.13.1\cv06\Core\Src\stm32f0xx_it.c
2023-11-02 16:28:19,749 [INFO] CodeEngine:255 - oldGeneratedFile, C:\Users\xladis00\STM32CubeIDE\workspace_1.13.1\cv06\Core\Inc\stm32f0xx_it.h_save
2023-11-02 16:28:19,818 [INFO] CodeEngine:279 - Generated code: C:\Users\xladis00\STM32CubeIDE\workspace_1.13.1\cv06\Core\Inc\stm32f0xx_it.h
2023-11-02 16:28:19,835 [INFO] CodeEngine:255 - oldGeneratedFile, C:\Users\xladis00\STM32CubeIDE\workspace_1.13.1\cv06\Core\Src\stm32f0xx_hal_msp.c_save
2023-11-02 16:28:19,944 [INFO] CodeEngine:279 - Generated code: C:\Users\xladis00\STM32CubeIDE\workspace_1.13.1\cv06\Core\Src\stm32f0xx_hal_msp.c
2023-11-02 16:28:19,948 [INFO] CodeEngine:255 - oldGeneratedFile, C:\Users\xladis00\STM32CubeIDE\workspace_1.13.1\cv06\MXTmpFiles\system.tmp_save
2023-11-02 16:28:20,014 [INFO] CodeEngine:279 - Generated code: C:\Users\xladis00\STM32CubeIDE\workspace_1.13.1\cv06\MXTmpFiles\system.tmp
2023-11-02 16:28:20,031 [INFO] CodeEngine:311 - oldGeneratedFile, C:\Users\xladis00\STM32CubeIDE\workspace_1.13.1\cv06\Core\Inc\stm32f0xx_hal_conf.h_save
2023-11-02 16:28:20,137 [INFO] CodeEngine:335 - Generated code: C:\Users\xladis00\STM32CubeIDE\workspace_1.13.1\cv06\Core\Inc\stm32f0xx_hal_conf.h
2023-11-02 16:28:20,169 [INFO] CodeEngine:255 - oldGeneratedFile, C:\Users\xladis00\STM32CubeIDE\workspace_1.13.1\cv06\Core\Inc\main.h_save
2023-11-02 16:28:20,274 [INFO] CodeEngine:279 - Generated code: C:\Users\xladis00\STM32CubeIDE\workspace_1.13.1\cv06\Core\Inc\main.h
2023-11-02 16:28:20,287 [INFO] CodeEngine:255 - oldGeneratedFile, C:\Users\xladis00\STM32CubeIDE\workspace_1.13.1\cv06\Core\Src\main.c_save
2023-11-02 16:28:20,415 [INFO] CodeEngine:279 - Generated code: C:\Users\xladis00\STM32CubeIDE\workspace_1.13.1\cv06\Core\Src\main.c
2023-11-02 16:28:20,974 [INFO] ProjectBuilder:3064 - Time for Copy HAL[1] : 136mS.
2023-11-02 16:28:20,977 [INFO] ProjectBuilder:4404 - Project Generator version: 4.1.0
2023-11-02 16:28:21,162 [INFO] ConfigFileManager:1457 - The Die is : DIE440
2023-11-02 16:28:22,817 [INFO] ProjectBuilder:4626 - Time for Generating toolchain IDE Files: 1840mS.
2023-11-02 16:28:22,818 [INFO] ProjectBuilder:2935 - Time for Copy CMSIS : 0mS.
2023-11-02 16:28:22,820 [INFO] ProjectBuilder:2935 - Time for Copy CMSIS : 0mS.
